ARM GAS  /tmp/ccFoVnNB.s 			page 1


   1              		.syntax unified
   2              		.cpu cortex-m4
   3              		.eabi_attribute 27, 1
   4              		.eabi_attribute 28, 1
   5              		.fpu fpv4-sp-d16
   6              		.eabi_attribute 20, 1
   7              		.eabi_attribute 21, 1
   8              		.eabi_attribute 23, 3
   9              		.eabi_attribute 24, 1
  10              		.eabi_attribute 25, 1
  11              		.eabi_attribute 26, 1
  12              		.eabi_attribute 30, 1
  13              		.eabi_attribute 34, 1
  14              		.eabi_attribute 18, 4
  15              		.thumb
  16              		.file	"rtc.c"
  17              		.text
  18              	.Ltext0:
  19              		.cfi_sections	.debug_frame
  20              		.section	.text.MX_RTC_Init,"ax",%progbits
  21              		.align	2
  22              		.global	MX_RTC_Init
  23              		.thumb
  24              		.thumb_func
  26              	MX_RTC_Init:
  27              	.LFB123:
  28              		.file 1 "Src/rtc.c"
   1:Src/rtc.c     **** /**
   2:Src/rtc.c     ****   ******************************************************************************
   3:Src/rtc.c     ****   * File Name          : RTC.c
   4:Src/rtc.c     ****   * Description        : This file provides code for the configuration
   5:Src/rtc.c     ****   *                      of the RTC instances.
   6:Src/rtc.c     ****   ******************************************************************************
   7:Src/rtc.c     ****   ** This notice applies to any and all portions of this file
   8:Src/rtc.c     ****   * that are not between comment pairs USER CODE BEGIN and
   9:Src/rtc.c     ****   * USER CODE END. Other portions of this file, whether 
  10:Src/rtc.c     ****   * inserted by the user or by software development tools
  11:Src/rtc.c     ****   * are owned by their respective copyright owners.
  12:Src/rtc.c     ****   *
  13:Src/rtc.c     ****   * COPYRIGHT(c) 2019 STMicroelectronics
  14:Src/rtc.c     ****   *
  15:Src/rtc.c     ****   * Redistribution and use in source and binary forms, with or without modification,
  16:Src/rtc.c     ****   * are permitted provided that the following conditions are met:
  17:Src/rtc.c     ****   *   1. Redistributions of source code must retain the above copyright notice,
  18:Src/rtc.c     ****   *      this list of conditions and the following disclaimer.
  19:Src/rtc.c     ****   *   2. Redistributions in binary form must reproduce the above copyright notice,
  20:Src/rtc.c     ****   *      this list of conditions and the following disclaimer in the documentation
  21:Src/rtc.c     ****   *      and/or other materials provided with the distribution.
  22:Src/rtc.c     ****   *   3. Neither the name of STMicroelectronics nor the names of its contributors
  23:Src/rtc.c     ****   *      may be used to endorse or promote products derived from this software
  24:Src/rtc.c     ****   *      without specific prior written permission.
  25:Src/rtc.c     ****   *
  26:Src/rtc.c     ****   * THIS SOFTWARE IS PROVIDED BY THE COPYRIGHT HOLDERS AND CONTRIBUTORS "AS IS"
  27:Src/rtc.c     ****   * AND ANY EXPRESS OR IMPLIED WARRANTIES, INCLUDING, BUT NOT LIMITED TO, THE
  28:Src/rtc.c     ****   * IMPLIED WARRANTIES OF MERCHANTABILITY AND FITNESS FOR A PARTICULAR PURPOSE ARE
  29:Src/rtc.c     ****   * DISCLAIMED. IN NO EVENT SHALL THE COPYRIGHT HOLDER OR CONTRIBUTORS BE LIABLE
  30:Src/rtc.c     ****   * FOR ANY DIRECT, INDIRECT, INCIDENTAL, SPECIAL, EXEMPLARY, OR CONSEQUENTIAL
ARM GAS  /tmp/ccFoVnNB.s 			page 2


  31:Src/rtc.c     ****   * DAMAGES (INCLUDING, BUT NOT LIMITED TO, PROCUREMENT OF SUBSTITUTE GOODS OR
  32:Src/rtc.c     ****   * SERVICES; LOSS OF USE, DATA, OR PROFITS; OR BUSINESS INTERRUPTION) HOWEVER
  33:Src/rtc.c     ****   * CAUSED AND ON ANY THEORY OF LIABILITY, WHETHER IN CONTRACT, STRICT LIABILITY,
  34:Src/rtc.c     ****   * OR TORT (INCLUDING NEGLIGENCE OR OTHERWISE) ARISING IN ANY WAY OUT OF THE USE
  35:Src/rtc.c     ****   * OF THIS SOFTWARE, EVEN IF ADVISED OF THE POSSIBILITY OF SUCH DAMAGE.
  36:Src/rtc.c     ****   *
  37:Src/rtc.c     ****   ******************************************************************************
  38:Src/rtc.c     ****   */
  39:Src/rtc.c     **** 
  40:Src/rtc.c     **** /* Includes ------------------------------------------------------------------*/
  41:Src/rtc.c     **** #include "rtc.h"
  42:Src/rtc.c     **** 
  43:Src/rtc.c     **** /* USER CODE BEGIN 0 */
  44:Src/rtc.c     **** 
  45:Src/rtc.c     **** /* USER CODE END 0 */
  46:Src/rtc.c     **** 
  47:Src/rtc.c     **** RTC_HandleTypeDef hrtc;
  48:Src/rtc.c     **** 
  49:Src/rtc.c     **** /* RTC init function */
  50:Src/rtc.c     **** void MX_RTC_Init(void)
  51:Src/rtc.c     **** {
  29              		.loc 1 51 0
  30              		.cfi_startproc
  31              		@ args = 0, pretend = 0, frame = 0
  32              		@ frame_needed = 0, uses_anonymous_args = 0
  33 0000 08B5     		push	{r3, lr}
  34              	.LCFI0:
  35              		.cfi_def_cfa_offset 8
  36              		.cfi_offset 3, -8
  37              		.cfi_offset 14, -4
  52:Src/rtc.c     **** 
  53:Src/rtc.c     ****     /**Initialize RTC Only 
  54:Src/rtc.c     ****     */
  55:Src/rtc.c     ****   hrtc.Instance = RTC;
  38              		.loc 1 55 0
  39 0002 0A48     		ldr	r0, .L4
  40 0004 0A4B     		ldr	r3, .L4+4
  41 0006 0360     		str	r3, [r0]
  56:Src/rtc.c     ****   hrtc.Init.HourFormat = RTC_HOURFORMAT_24;
  42              		.loc 1 56 0
  43 0008 0023     		movs	r3, #0
  44 000a 4360     		str	r3, [r0, #4]
  57:Src/rtc.c     ****   hrtc.Init.AsynchPrediv = 127;
  45              		.loc 1 57 0
  46 000c 7F22     		movs	r2, #127
  47 000e 8260     		str	r2, [r0, #8]
  58:Src/rtc.c     ****   hrtc.Init.SynchPrediv = 255;
  48              		.loc 1 58 0
  49 0010 FF22     		movs	r2, #255
  50 0012 C260     		str	r2, [r0, #12]
  59:Src/rtc.c     ****   hrtc.Init.OutPut = RTC_OUTPUT_DISABLE;
  51              		.loc 1 59 0
  52 0014 0361     		str	r3, [r0, #16]
  60:Src/rtc.c     ****   hrtc.Init.OutPutPolarity = RTC_OUTPUT_POLARITY_HIGH;
  53              		.loc 1 60 0
  54 0016 4361     		str	r3, [r0, #20]
  61:Src/rtc.c     ****   hrtc.Init.OutPutType = RTC_OUTPUT_TYPE_OPENDRAIN;
ARM GAS  /tmp/ccFoVnNB.s 			page 3


  55              		.loc 1 61 0
  56 0018 8361     		str	r3, [r0, #24]
  62:Src/rtc.c     ****   if (HAL_RTC_Init(&hrtc) != HAL_OK)
  57              		.loc 1 62 0
  58 001a FFF7FEFF 		bl	HAL_RTC_Init
  59              	.LVL0:
  60 001e 18B1     		cbz	r0, .L1
  63:Src/rtc.c     ****   {
  64:Src/rtc.c     ****     _Error_Handler(__FILE__, __LINE__);
  61              		.loc 1 64 0
  62 0020 0448     		ldr	r0, .L4+8
  63 0022 4021     		movs	r1, #64
  64 0024 FFF7FEFF 		bl	_Error_Handler
  65              	.LVL1:
  66              	.L1:
  67 0028 08BD     		pop	{r3, pc}
  68              	.L5:
  69 002a 00BF     		.align	2
  70              	.L4:
  71 002c 00000000 		.word	hrtc
  72 0030 00280040 		.word	1073752064
  73 0034 00000000 		.word	.LC0
  74              		.cfi_endproc
  75              	.LFE123:
  77              		.section	.text.HAL_RTC_MspInit,"ax",%progbits
  78              		.align	2
  79              		.global	HAL_RTC_MspInit
  80              		.thumb
  81              		.thumb_func
  83              	HAL_RTC_MspInit:
  84              	.LFB124:
  65:Src/rtc.c     ****   }
  66:Src/rtc.c     **** 
  67:Src/rtc.c     **** }
  68:Src/rtc.c     **** 
  69:Src/rtc.c     **** void HAL_RTC_MspInit(RTC_HandleTypeDef* rtcHandle)
  70:Src/rtc.c     **** {
  85              		.loc 1 70 0
  86              		.cfi_startproc
  87              		@ args = 0, pretend = 0, frame = 0
  88              		@ frame_needed = 0, uses_anonymous_args = 0
  89              		@ link register save eliminated.
  90              	.LVL2:
  71:Src/rtc.c     **** 
  72:Src/rtc.c     ****   if(rtcHandle->Instance==RTC)
  91              		.loc 1 72 0
  92 0000 0268     		ldr	r2, [r0]
  93 0002 074B     		ldr	r3, .L8
  94 0004 9A42     		cmp	r2, r3
  95 0006 0AD1     		bne	.L6
  96              	.LVL3:
  97              	.LBB6:
  98              	.LBB7:
  99              		.file 2 "Drivers/CMSIS/Include/cmsis_gcc.h"
   1:Drivers/CMSIS/Include/cmsis_gcc.h **** /**************************************************************************//**
   2:Drivers/CMSIS/Include/cmsis_gcc.h ****  * @file     cmsis_gcc.h
   3:Drivers/CMSIS/Include/cmsis_gcc.h ****  * @brief    CMSIS Cortex-M Core Function/Instruction Header File
ARM GAS  /tmp/ccFoVnNB.s 			page 4


   4:Drivers/CMSIS/Include/cmsis_gcc.h ****  * @version  V4.30
   5:Drivers/CMSIS/Include/cmsis_gcc.h ****  * @date     20. October 2015
   6:Drivers/CMSIS/Include/cmsis_gcc.h ****  ******************************************************************************/
   7:Drivers/CMSIS/Include/cmsis_gcc.h **** /* Copyright (c) 2009 - 2015 ARM LIMITED
   8:Drivers/CMSIS/Include/cmsis_gcc.h **** 
   9:Drivers/CMSIS/Include/cmsis_gcc.h ****    All rights reserved.
  10:Drivers/CMSIS/Include/cmsis_gcc.h ****    Redistribution and use in source and binary forms, with or without
  11:Drivers/CMSIS/Include/cmsis_gcc.h ****    modification, are permitted provided that the following conditions are met:
  12:Drivers/CMSIS/Include/cmsis_gcc.h ****    - Redistributions of source code must retain the above copyright
  13:Drivers/CMSIS/Include/cmsis_gcc.h ****      notice, this list of conditions and the following disclaimer.
  14:Drivers/CMSIS/Include/cmsis_gcc.h ****    - Redistributions in binary form must reproduce the above copyright
  15:Drivers/CMSIS/Include/cmsis_gcc.h ****      notice, this list of conditions and the following disclaimer in the
  16:Drivers/CMSIS/Include/cmsis_gcc.h ****      documentation and/or other materials provided with the distribution.
  17:Drivers/CMSIS/Include/cmsis_gcc.h ****    - Neither the name of ARM nor the names of its contributors may be used
  18:Drivers/CMSIS/Include/cmsis_gcc.h ****      to endorse or promote products derived from this software without
  19:Drivers/CMSIS/Include/cmsis_gcc.h ****      specific prior written permission.
  20:Drivers/CMSIS/Include/cmsis_gcc.h ****    *
  21:Drivers/CMSIS/Include/cmsis_gcc.h ****    THIS SOFTWARE IS PROVIDED BY THE COPYRIGHT HOLDERS AND CONTRIBUTORS "AS IS"
  22:Drivers/CMSIS/Include/cmsis_gcc.h ****    AND ANY EXPRESS OR IMPLIED WARRANTIES, INCLUDING, BUT NOT LIMITED TO, THE
  23:Drivers/CMSIS/Include/cmsis_gcc.h ****    IMPLIED WARRANTIES OF MERCHANTABILITY AND FITNESS FOR A PARTICULAR PURPOSE
  24:Drivers/CMSIS/Include/cmsis_gcc.h ****    ARE DISCLAIMED. IN NO EVENT SHALL COPYRIGHT HOLDERS AND CONTRIBUTORS BE
  25:Drivers/CMSIS/Include/cmsis_gcc.h ****    LIABLE FOR ANY DIRECT, INDIRECT, INCIDENTAL, SPECIAL, EXEMPLARY, OR
  26:Drivers/CMSIS/Include/cmsis_gcc.h ****    CONSEQUENTIAL DAMAGES (INCLUDING, BUT NOT LIMITED TO, PROCUREMENT OF
  27:Drivers/CMSIS/Include/cmsis_gcc.h ****    SUBSTITUTE GOODS OR SERVICES; LOSS OF USE, DATA, OR PROFITS; OR BUSINESS
  28:Drivers/CMSIS/Include/cmsis_gcc.h ****    INTERRUPTION) HOWEVER CAUSED AND ON ANY THEORY OF LIABILITY, WHETHER IN
  29:Drivers/CMSIS/Include/cmsis_gcc.h ****    CONTRACT, STRICT LIABILITY, OR TORT (INCLUDING NEGLIGENCE OR OTHERWISE)
  30:Drivers/CMSIS/Include/cmsis_gcc.h ****    ARISING IN ANY WAY OUT OF THE USE OF THIS SOFTWARE, EVEN IF ADVISED OF THE
  31:Drivers/CMSIS/Include/cmsis_gcc.h ****    POSSIBILITY OF SUCH DAMAGE.
  32:Drivers/CMSIS/Include/cmsis_gcc.h ****    ---------------------------------------------------------------------------*/
  33:Drivers/CMSIS/Include/cmsis_gcc.h **** 
  34:Drivers/CMSIS/Include/cmsis_gcc.h **** 
  35:Drivers/CMSIS/Include/cmsis_gcc.h **** #ifndef __CMSIS_GCC_H
  36:Drivers/CMSIS/Include/cmsis_gcc.h **** #define __CMSIS_GCC_H
  37:Drivers/CMSIS/Include/cmsis_gcc.h **** 
  38:Drivers/CMSIS/Include/cmsis_gcc.h **** /* ignore some GCC warnings */
  39:Drivers/CMSIS/Include/cmsis_gcc.h **** #if defined ( __GNUC__ )
  40:Drivers/CMSIS/Include/cmsis_gcc.h **** #pragma GCC diagnostic push
  41:Drivers/CMSIS/Include/cmsis_gcc.h **** #pragma GCC diagnostic ignored "-Wsign-conversion"
  42:Drivers/CMSIS/Include/cmsis_gcc.h **** #pragma GCC diagnostic ignored "-Wconversion"
  43:Drivers/CMSIS/Include/cmsis_gcc.h **** #pragma GCC diagnostic ignored "-Wunused-parameter"
  44:Drivers/CMSIS/Include/cmsis_gcc.h **** #endif
  45:Drivers/CMSIS/Include/cmsis_gcc.h **** 
  46:Drivers/CMSIS/Include/cmsis_gcc.h **** 
  47:Drivers/CMSIS/Include/cmsis_gcc.h **** /* ###########################  Core Function Access  ########################### */
  48:Drivers/CMSIS/Include/cmsis_gcc.h **** /** \ingroup  CMSIS_Core_FunctionInterface
  49:Drivers/CMSIS/Include/cmsis_gcc.h ****     \defgroup CMSIS_Core_RegAccFunctions CMSIS Core Register Access Functions
  50:Drivers/CMSIS/Include/cmsis_gcc.h ****   @{
  51:Drivers/CMSIS/Include/cmsis_gcc.h ****  */
  52:Drivers/CMSIS/Include/cmsis_gcc.h **** 
  53:Drivers/CMSIS/Include/cmsis_gcc.h **** /**
  54:Drivers/CMSIS/Include/cmsis_gcc.h ****   \brief   Enable IRQ Interrupts
  55:Drivers/CMSIS/Include/cmsis_gcc.h ****   \details Enables IRQ interrupts by clearing the I-bit in the CPSR.
  56:Drivers/CMSIS/Include/cmsis_gcc.h ****            Can only be executed in Privileged modes.
  57:Drivers/CMSIS/Include/cmsis_gcc.h ****  */
  58:Drivers/CMSIS/Include/cmsis_gcc.h **** __attribute__( ( always_inline ) ) __STATIC_INLINE void __enable_irq(void)
  59:Drivers/CMSIS/Include/cmsis_gcc.h **** {
  60:Drivers/CMSIS/Include/cmsis_gcc.h ****   __ASM volatile ("cpsie i" : : : "memory");
ARM GAS  /tmp/ccFoVnNB.s 			page 5


  61:Drivers/CMSIS/Include/cmsis_gcc.h **** }
  62:Drivers/CMSIS/Include/cmsis_gcc.h **** 
  63:Drivers/CMSIS/Include/cmsis_gcc.h **** 
  64:Drivers/CMSIS/Include/cmsis_gcc.h **** /**
  65:Drivers/CMSIS/Include/cmsis_gcc.h ****   \brief   Disable IRQ Interrupts
  66:Drivers/CMSIS/Include/cmsis_gcc.h ****   \details Disables IRQ interrupts by setting the I-bit in the CPSR.
  67:Drivers/CMSIS/Include/cmsis_gcc.h ****   Can only be executed in Privileged modes.
  68:Drivers/CMSIS/Include/cmsis_gcc.h ****  */
  69:Drivers/CMSIS/Include/cmsis_gcc.h **** __attribute__( ( always_inline ) ) __STATIC_INLINE void __disable_irq(void)
  70:Drivers/CMSIS/Include/cmsis_gcc.h **** {
  71:Drivers/CMSIS/Include/cmsis_gcc.h ****   __ASM volatile ("cpsid i" : : : "memory");
  72:Drivers/CMSIS/Include/cmsis_gcc.h **** }
  73:Drivers/CMSIS/Include/cmsis_gcc.h **** 
  74:Drivers/CMSIS/Include/cmsis_gcc.h **** 
  75:Drivers/CMSIS/Include/cmsis_gcc.h **** /**
  76:Drivers/CMSIS/Include/cmsis_gcc.h ****   \brief   Get Control Register
  77:Drivers/CMSIS/Include/cmsis_gcc.h ****   \details Returns the content of the Control Register.
  78:Drivers/CMSIS/Include/cmsis_gcc.h ****   \return               Control Register value
  79:Drivers/CMSIS/Include/cmsis_gcc.h ****  */
  80:Drivers/CMSIS/Include/cmsis_gcc.h **** __attribute__( ( always_inline ) ) __STATIC_INLINE uint32_t __get_CONTROL(void)
  81:Drivers/CMSIS/Include/cmsis_gcc.h **** {
  82:Drivers/CMSIS/Include/cmsis_gcc.h ****   uint32_t result;
  83:Drivers/CMSIS/Include/cmsis_gcc.h **** 
  84:Drivers/CMSIS/Include/cmsis_gcc.h ****   __ASM volatile ("MRS %0, control" : "=r" (result) );
  85:Drivers/CMSIS/Include/cmsis_gcc.h ****   return(result);
  86:Drivers/CMSIS/Include/cmsis_gcc.h **** }
  87:Drivers/CMSIS/Include/cmsis_gcc.h **** 
  88:Drivers/CMSIS/Include/cmsis_gcc.h **** 
  89:Drivers/CMSIS/Include/cmsis_gcc.h **** /**
  90:Drivers/CMSIS/Include/cmsis_gcc.h ****   \brief   Set Control Register
  91:Drivers/CMSIS/Include/cmsis_gcc.h ****   \details Writes the given value to the Control Register.
  92:Drivers/CMSIS/Include/cmsis_gcc.h ****   \param [in]    control  Control Register value to set
  93:Drivers/CMSIS/Include/cmsis_gcc.h ****  */
  94:Drivers/CMSIS/Include/cmsis_gcc.h **** __attribute__( ( always_inline ) ) __STATIC_INLINE void __set_CONTROL(uint32_t control)
  95:Drivers/CMSIS/Include/cmsis_gcc.h **** {
  96:Drivers/CMSIS/Include/cmsis_gcc.h ****   __ASM volatile ("MSR control, %0" : : "r" (control) : "memory");
  97:Drivers/CMSIS/Include/cmsis_gcc.h **** }
  98:Drivers/CMSIS/Include/cmsis_gcc.h **** 
  99:Drivers/CMSIS/Include/cmsis_gcc.h **** 
 100:Drivers/CMSIS/Include/cmsis_gcc.h **** /**
 101:Drivers/CMSIS/Include/cmsis_gcc.h ****   \brief   Get IPSR Register
 102:Drivers/CMSIS/Include/cmsis_gcc.h ****   \details Returns the content of the IPSR Register.
 103:Drivers/CMSIS/Include/cmsis_gcc.h ****   \return               IPSR Register value
 104:Drivers/CMSIS/Include/cmsis_gcc.h ****  */
 105:Drivers/CMSIS/Include/cmsis_gcc.h **** __attribute__( ( always_inline ) ) __STATIC_INLINE uint32_t __get_IPSR(void)
 106:Drivers/CMSIS/Include/cmsis_gcc.h **** {
 107:Drivers/CMSIS/Include/cmsis_gcc.h ****   uint32_t result;
 108:Drivers/CMSIS/Include/cmsis_gcc.h **** 
 109:Drivers/CMSIS/Include/cmsis_gcc.h ****   __ASM volatile ("MRS %0, ipsr" : "=r" (result) );
 110:Drivers/CMSIS/Include/cmsis_gcc.h ****   return(result);
 111:Drivers/CMSIS/Include/cmsis_gcc.h **** }
 112:Drivers/CMSIS/Include/cmsis_gcc.h **** 
 113:Drivers/CMSIS/Include/cmsis_gcc.h **** 
 114:Drivers/CMSIS/Include/cmsis_gcc.h **** /**
 115:Drivers/CMSIS/Include/cmsis_gcc.h ****   \brief   Get APSR Register
 116:Drivers/CMSIS/Include/cmsis_gcc.h ****   \details Returns the content of the APSR Register.
 117:Drivers/CMSIS/Include/cmsis_gcc.h ****   \return               APSR Register value
ARM GAS  /tmp/ccFoVnNB.s 			page 6


 118:Drivers/CMSIS/Include/cmsis_gcc.h ****  */
 119:Drivers/CMSIS/Include/cmsis_gcc.h **** __attribute__( ( always_inline ) ) __STATIC_INLINE uint32_t __get_APSR(void)
 120:Drivers/CMSIS/Include/cmsis_gcc.h **** {
 121:Drivers/CMSIS/Include/cmsis_gcc.h ****   uint32_t result;
 122:Drivers/CMSIS/Include/cmsis_gcc.h **** 
 123:Drivers/CMSIS/Include/cmsis_gcc.h ****   __ASM volatile ("MRS %0, apsr" : "=r" (result) );
 124:Drivers/CMSIS/Include/cmsis_gcc.h ****   return(result);
 125:Drivers/CMSIS/Include/cmsis_gcc.h **** }
 126:Drivers/CMSIS/Include/cmsis_gcc.h **** 
 127:Drivers/CMSIS/Include/cmsis_gcc.h **** 
 128:Drivers/CMSIS/Include/cmsis_gcc.h **** /**
 129:Drivers/CMSIS/Include/cmsis_gcc.h ****   \brief   Get xPSR Register
 130:Drivers/CMSIS/Include/cmsis_gcc.h ****   \details Returns the content of the xPSR Register.
 131:Drivers/CMSIS/Include/cmsis_gcc.h **** 
 132:Drivers/CMSIS/Include/cmsis_gcc.h ****     \return               xPSR Register value
 133:Drivers/CMSIS/Include/cmsis_gcc.h ****  */
 134:Drivers/CMSIS/Include/cmsis_gcc.h **** __attribute__( ( always_inline ) ) __STATIC_INLINE uint32_t __get_xPSR(void)
 135:Drivers/CMSIS/Include/cmsis_gcc.h **** {
 136:Drivers/CMSIS/Include/cmsis_gcc.h ****   uint32_t result;
 137:Drivers/CMSIS/Include/cmsis_gcc.h **** 
 138:Drivers/CMSIS/Include/cmsis_gcc.h ****   __ASM volatile ("MRS %0, xpsr" : "=r" (result) );
 139:Drivers/CMSIS/Include/cmsis_gcc.h ****   return(result);
 140:Drivers/CMSIS/Include/cmsis_gcc.h **** }
 141:Drivers/CMSIS/Include/cmsis_gcc.h **** 
 142:Drivers/CMSIS/Include/cmsis_gcc.h **** 
 143:Drivers/CMSIS/Include/cmsis_gcc.h **** /**
 144:Drivers/CMSIS/Include/cmsis_gcc.h ****   \brief   Get Process Stack Pointer
 145:Drivers/CMSIS/Include/cmsis_gcc.h ****   \details Returns the current value of the Process Stack Pointer (PSP).
 146:Drivers/CMSIS/Include/cmsis_gcc.h ****   \return               PSP Register value
 147:Drivers/CMSIS/Include/cmsis_gcc.h ****  */
 148:Drivers/CMSIS/Include/cmsis_gcc.h **** __attribute__( ( always_inline ) ) __STATIC_INLINE uint32_t __get_PSP(void)
 149:Drivers/CMSIS/Include/cmsis_gcc.h **** {
 150:Drivers/CMSIS/Include/cmsis_gcc.h ****   register uint32_t result;
 151:Drivers/CMSIS/Include/cmsis_gcc.h **** 
 152:Drivers/CMSIS/Include/cmsis_gcc.h ****   __ASM volatile ("MRS %0, psp\n"  : "=r" (result) );
 153:Drivers/CMSIS/Include/cmsis_gcc.h ****   return(result);
 154:Drivers/CMSIS/Include/cmsis_gcc.h **** }
 155:Drivers/CMSIS/Include/cmsis_gcc.h **** 
 156:Drivers/CMSIS/Include/cmsis_gcc.h **** 
 157:Drivers/CMSIS/Include/cmsis_gcc.h **** /**
 158:Drivers/CMSIS/Include/cmsis_gcc.h ****   \brief   Set Process Stack Pointer
 159:Drivers/CMSIS/Include/cmsis_gcc.h ****   \details Assigns the given value to the Process Stack Pointer (PSP).
 160:Drivers/CMSIS/Include/cmsis_gcc.h ****   \param [in]    topOfProcStack  Process Stack Pointer value to set
 161:Drivers/CMSIS/Include/cmsis_gcc.h ****  */
 162:Drivers/CMSIS/Include/cmsis_gcc.h **** __attribute__( ( always_inline ) ) __STATIC_INLINE void __set_PSP(uint32_t topOfProcStack)
 163:Drivers/CMSIS/Include/cmsis_gcc.h **** {
 164:Drivers/CMSIS/Include/cmsis_gcc.h ****   __ASM volatile ("MSR psp, %0\n" : : "r" (topOfProcStack) : "sp");
 165:Drivers/CMSIS/Include/cmsis_gcc.h **** }
 166:Drivers/CMSIS/Include/cmsis_gcc.h **** 
 167:Drivers/CMSIS/Include/cmsis_gcc.h **** 
 168:Drivers/CMSIS/Include/cmsis_gcc.h **** /**
 169:Drivers/CMSIS/Include/cmsis_gcc.h ****   \brief   Get Main Stack Pointer
 170:Drivers/CMSIS/Include/cmsis_gcc.h ****   \details Returns the current value of the Main Stack Pointer (MSP).
 171:Drivers/CMSIS/Include/cmsis_gcc.h ****   \return               MSP Register value
 172:Drivers/CMSIS/Include/cmsis_gcc.h ****  */
 173:Drivers/CMSIS/Include/cmsis_gcc.h **** __attribute__( ( always_inline ) ) __STATIC_INLINE uint32_t __get_MSP(void)
 174:Drivers/CMSIS/Include/cmsis_gcc.h **** {
ARM GAS  /tmp/ccFoVnNB.s 			page 7


 175:Drivers/CMSIS/Include/cmsis_gcc.h ****   register uint32_t result;
 176:Drivers/CMSIS/Include/cmsis_gcc.h **** 
 177:Drivers/CMSIS/Include/cmsis_gcc.h ****   __ASM volatile ("MRS %0, msp\n" : "=r" (result) );
 178:Drivers/CMSIS/Include/cmsis_gcc.h ****   return(result);
 179:Drivers/CMSIS/Include/cmsis_gcc.h **** }
 180:Drivers/CMSIS/Include/cmsis_gcc.h **** 
 181:Drivers/CMSIS/Include/cmsis_gcc.h **** 
 182:Drivers/CMSIS/Include/cmsis_gcc.h **** /**
 183:Drivers/CMSIS/Include/cmsis_gcc.h ****   \brief   Set Main Stack Pointer
 184:Drivers/CMSIS/Include/cmsis_gcc.h ****   \details Assigns the given value to the Main Stack Pointer (MSP).
 185:Drivers/CMSIS/Include/cmsis_gcc.h **** 
 186:Drivers/CMSIS/Include/cmsis_gcc.h ****     \param [in]    topOfMainStack  Main Stack Pointer value to set
 187:Drivers/CMSIS/Include/cmsis_gcc.h ****  */
 188:Drivers/CMSIS/Include/cmsis_gcc.h **** __attribute__( ( always_inline ) ) __STATIC_INLINE void __set_MSP(uint32_t topOfMainStack)
 189:Drivers/CMSIS/Include/cmsis_gcc.h **** {
 190:Drivers/CMSIS/Include/cmsis_gcc.h ****   __ASM volatile ("MSR msp, %0\n" : : "r" (topOfMainStack) : "sp");
 191:Drivers/CMSIS/Include/cmsis_gcc.h **** }
 192:Drivers/CMSIS/Include/cmsis_gcc.h **** 
 193:Drivers/CMSIS/Include/cmsis_gcc.h **** 
 194:Drivers/CMSIS/Include/cmsis_gcc.h **** /**
 195:Drivers/CMSIS/Include/cmsis_gcc.h ****   \brief   Get Priority Mask
 196:Drivers/CMSIS/Include/cmsis_gcc.h ****   \details Returns the current state of the priority mask bit from the Priority Mask Register.
 197:Drivers/CMSIS/Include/cmsis_gcc.h ****   \return               Priority Mask value
 198:Drivers/CMSIS/Include/cmsis_gcc.h ****  */
 199:Drivers/CMSIS/Include/cmsis_gcc.h **** __attribute__( ( always_inline ) ) __STATIC_INLINE uint32_t __get_PRIMASK(void)
 200:Drivers/CMSIS/Include/cmsis_gcc.h **** {
 201:Drivers/CMSIS/Include/cmsis_gcc.h ****   uint32_t result;
 202:Drivers/CMSIS/Include/cmsis_gcc.h **** 
 203:Drivers/CMSIS/Include/cmsis_gcc.h ****   __ASM volatile ("MRS %0, primask" : "=r" (result) );
 204:Drivers/CMSIS/Include/cmsis_gcc.h ****   return(result);
 205:Drivers/CMSIS/Include/cmsis_gcc.h **** }
 206:Drivers/CMSIS/Include/cmsis_gcc.h **** 
 207:Drivers/CMSIS/Include/cmsis_gcc.h **** 
 208:Drivers/CMSIS/Include/cmsis_gcc.h **** /**
 209:Drivers/CMSIS/Include/cmsis_gcc.h ****   \brief   Set Priority Mask
 210:Drivers/CMSIS/Include/cmsis_gcc.h ****   \details Assigns the given value to the Priority Mask Register.
 211:Drivers/CMSIS/Include/cmsis_gcc.h ****   \param [in]    priMask  Priority Mask
 212:Drivers/CMSIS/Include/cmsis_gcc.h ****  */
 213:Drivers/CMSIS/Include/cmsis_gcc.h **** __attribute__( ( always_inline ) ) __STATIC_INLINE void __set_PRIMASK(uint32_t priMask)
 214:Drivers/CMSIS/Include/cmsis_gcc.h **** {
 215:Drivers/CMSIS/Include/cmsis_gcc.h ****   __ASM volatile ("MSR primask, %0" : : "r" (priMask) : "memory");
 216:Drivers/CMSIS/Include/cmsis_gcc.h **** }
 217:Drivers/CMSIS/Include/cmsis_gcc.h **** 
 218:Drivers/CMSIS/Include/cmsis_gcc.h **** 
 219:Drivers/CMSIS/Include/cmsis_gcc.h **** #if       (__CORTEX_M >= 0x03U)
 220:Drivers/CMSIS/Include/cmsis_gcc.h **** 
 221:Drivers/CMSIS/Include/cmsis_gcc.h **** /**
 222:Drivers/CMSIS/Include/cmsis_gcc.h ****   \brief   Enable FIQ
 223:Drivers/CMSIS/Include/cmsis_gcc.h ****   \details Enables FIQ interrupts by clearing the F-bit in the CPSR.
 224:Drivers/CMSIS/Include/cmsis_gcc.h ****            Can only be executed in Privileged modes.
 225:Drivers/CMSIS/Include/cmsis_gcc.h ****  */
 226:Drivers/CMSIS/Include/cmsis_gcc.h **** __attribute__( ( always_inline ) ) __STATIC_INLINE void __enable_fault_irq(void)
 227:Drivers/CMSIS/Include/cmsis_gcc.h **** {
 228:Drivers/CMSIS/Include/cmsis_gcc.h ****   __ASM volatile ("cpsie f" : : : "memory");
 229:Drivers/CMSIS/Include/cmsis_gcc.h **** }
 230:Drivers/CMSIS/Include/cmsis_gcc.h **** 
 231:Drivers/CMSIS/Include/cmsis_gcc.h **** 
ARM GAS  /tmp/ccFoVnNB.s 			page 8


 232:Drivers/CMSIS/Include/cmsis_gcc.h **** /**
 233:Drivers/CMSIS/Include/cmsis_gcc.h ****   \brief   Disable FIQ
 234:Drivers/CMSIS/Include/cmsis_gcc.h ****   \details Disables FIQ interrupts by setting the F-bit in the CPSR.
 235:Drivers/CMSIS/Include/cmsis_gcc.h ****            Can only be executed in Privileged modes.
 236:Drivers/CMSIS/Include/cmsis_gcc.h ****  */
 237:Drivers/CMSIS/Include/cmsis_gcc.h **** __attribute__( ( always_inline ) ) __STATIC_INLINE void __disable_fault_irq(void)
 238:Drivers/CMSIS/Include/cmsis_gcc.h **** {
 239:Drivers/CMSIS/Include/cmsis_gcc.h ****   __ASM volatile ("cpsid f" : : : "memory");
 240:Drivers/CMSIS/Include/cmsis_gcc.h **** }
 241:Drivers/CMSIS/Include/cmsis_gcc.h **** 
 242:Drivers/CMSIS/Include/cmsis_gcc.h **** 
 243:Drivers/CMSIS/Include/cmsis_gcc.h **** /**
 244:Drivers/CMSIS/Include/cmsis_gcc.h ****   \brief   Get Base Priority
 245:Drivers/CMSIS/Include/cmsis_gcc.h ****   \details Returns the current value of the Base Priority register.
 246:Drivers/CMSIS/Include/cmsis_gcc.h ****   \return               Base Priority register value
 247:Drivers/CMSIS/Include/cmsis_gcc.h ****  */
 248:Drivers/CMSIS/Include/cmsis_gcc.h **** __attribute__( ( always_inline ) ) __STATIC_INLINE uint32_t __get_BASEPRI(void)
 249:Drivers/CMSIS/Include/cmsis_gcc.h **** {
 250:Drivers/CMSIS/Include/cmsis_gcc.h ****   uint32_t result;
 251:Drivers/CMSIS/Include/cmsis_gcc.h **** 
 252:Drivers/CMSIS/Include/cmsis_gcc.h ****   __ASM volatile ("MRS %0, basepri" : "=r" (result) );
 253:Drivers/CMSIS/Include/cmsis_gcc.h ****   return(result);
 254:Drivers/CMSIS/Include/cmsis_gcc.h **** }
 255:Drivers/CMSIS/Include/cmsis_gcc.h **** 
 256:Drivers/CMSIS/Include/cmsis_gcc.h **** 
 257:Drivers/CMSIS/Include/cmsis_gcc.h **** /**
 258:Drivers/CMSIS/Include/cmsis_gcc.h ****   \brief   Set Base Priority
 259:Drivers/CMSIS/Include/cmsis_gcc.h ****   \details Assigns the given value to the Base Priority register.
 260:Drivers/CMSIS/Include/cmsis_gcc.h ****   \param [in]    basePri  Base Priority value to set
 261:Drivers/CMSIS/Include/cmsis_gcc.h ****  */
 262:Drivers/CMSIS/Include/cmsis_gcc.h **** __attribute__( ( always_inline ) ) __STATIC_INLINE void __set_BASEPRI(uint32_t value)
 263:Drivers/CMSIS/Include/cmsis_gcc.h **** {
 264:Drivers/CMSIS/Include/cmsis_gcc.h ****   __ASM volatile ("MSR basepri, %0" : : "r" (value) : "memory");
 265:Drivers/CMSIS/Include/cmsis_gcc.h **** }
 266:Drivers/CMSIS/Include/cmsis_gcc.h **** 
 267:Drivers/CMSIS/Include/cmsis_gcc.h **** 
 268:Drivers/CMSIS/Include/cmsis_gcc.h **** /**
 269:Drivers/CMSIS/Include/cmsis_gcc.h ****   \brief   Set Base Priority with condition
 270:Drivers/CMSIS/Include/cmsis_gcc.h ****   \details Assigns the given value to the Base Priority register only if BASEPRI masking is disable
 271:Drivers/CMSIS/Include/cmsis_gcc.h ****            or the new value increases the BASEPRI priority level.
 272:Drivers/CMSIS/Include/cmsis_gcc.h ****   \param [in]    basePri  Base Priority value to set
 273:Drivers/CMSIS/Include/cmsis_gcc.h ****  */
 274:Drivers/CMSIS/Include/cmsis_gcc.h **** __attribute__( ( always_inline ) ) __STATIC_INLINE void __set_BASEPRI_MAX(uint32_t value)
 275:Drivers/CMSIS/Include/cmsis_gcc.h **** {
 276:Drivers/CMSIS/Include/cmsis_gcc.h ****   __ASM volatile ("MSR basepri_max, %0" : : "r" (value) : "memory");
 277:Drivers/CMSIS/Include/cmsis_gcc.h **** }
 278:Drivers/CMSIS/Include/cmsis_gcc.h **** 
 279:Drivers/CMSIS/Include/cmsis_gcc.h **** 
 280:Drivers/CMSIS/Include/cmsis_gcc.h **** /**
 281:Drivers/CMSIS/Include/cmsis_gcc.h ****   \brief   Get Fault Mask
 282:Drivers/CMSIS/Include/cmsis_gcc.h ****   \details Returns the current value of the Fault Mask register.
 283:Drivers/CMSIS/Include/cmsis_gcc.h ****   \return               Fault Mask register value
 284:Drivers/CMSIS/Include/cmsis_gcc.h ****  */
 285:Drivers/CMSIS/Include/cmsis_gcc.h **** __attribute__( ( always_inline ) ) __STATIC_INLINE uint32_t __get_FAULTMASK(void)
 286:Drivers/CMSIS/Include/cmsis_gcc.h **** {
 287:Drivers/CMSIS/Include/cmsis_gcc.h ****   uint32_t result;
 288:Drivers/CMSIS/Include/cmsis_gcc.h **** 
ARM GAS  /tmp/ccFoVnNB.s 			page 9


 289:Drivers/CMSIS/Include/cmsis_gcc.h ****   __ASM volatile ("MRS %0, faultmask" : "=r" (result) );
 290:Drivers/CMSIS/Include/cmsis_gcc.h ****   return(result);
 291:Drivers/CMSIS/Include/cmsis_gcc.h **** }
 292:Drivers/CMSIS/Include/cmsis_gcc.h **** 
 293:Drivers/CMSIS/Include/cmsis_gcc.h **** 
 294:Drivers/CMSIS/Include/cmsis_gcc.h **** /**
 295:Drivers/CMSIS/Include/cmsis_gcc.h ****   \brief   Set Fault Mask
 296:Drivers/CMSIS/Include/cmsis_gcc.h ****   \details Assigns the given value to the Fault Mask register.
 297:Drivers/CMSIS/Include/cmsis_gcc.h ****   \param [in]    faultMask  Fault Mask value to set
 298:Drivers/CMSIS/Include/cmsis_gcc.h ****  */
 299:Drivers/CMSIS/Include/cmsis_gcc.h **** __attribute__( ( always_inline ) ) __STATIC_INLINE void __set_FAULTMASK(uint32_t faultMask)
 300:Drivers/CMSIS/Include/cmsis_gcc.h **** {
 301:Drivers/CMSIS/Include/cmsis_gcc.h ****   __ASM volatile ("MSR faultmask, %0" : : "r" (faultMask) : "memory");
 302:Drivers/CMSIS/Include/cmsis_gcc.h **** }
 303:Drivers/CMSIS/Include/cmsis_gcc.h **** 
 304:Drivers/CMSIS/Include/cmsis_gcc.h **** #endif /* (__CORTEX_M >= 0x03U) */
 305:Drivers/CMSIS/Include/cmsis_gcc.h **** 
 306:Drivers/CMSIS/Include/cmsis_gcc.h **** 
 307:Drivers/CMSIS/Include/cmsis_gcc.h **** #if       (__CORTEX_M == 0x04U) || (__CORTEX_M == 0x07U)
 308:Drivers/CMSIS/Include/cmsis_gcc.h **** 
 309:Drivers/CMSIS/Include/cmsis_gcc.h **** /**
 310:Drivers/CMSIS/Include/cmsis_gcc.h ****   \brief   Get FPSCR
 311:Drivers/CMSIS/Include/cmsis_gcc.h ****   \details Returns the current value of the Floating Point Status/Control register.
 312:Drivers/CMSIS/Include/cmsis_gcc.h ****   \return               Floating Point Status/Control register value
 313:Drivers/CMSIS/Include/cmsis_gcc.h ****  */
 314:Drivers/CMSIS/Include/cmsis_gcc.h **** __attribute__( ( always_inline ) ) __STATIC_INLINE uint32_t __get_FPSCR(void)
 315:Drivers/CMSIS/Include/cmsis_gcc.h **** {
 316:Drivers/CMSIS/Include/cmsis_gcc.h **** #if (__FPU_PRESENT == 1U) && (__FPU_USED == 1U)
 317:Drivers/CMSIS/Include/cmsis_gcc.h ****   uint32_t result;
 318:Drivers/CMSIS/Include/cmsis_gcc.h **** 
 319:Drivers/CMSIS/Include/cmsis_gcc.h ****   /* Empty asm statement works as a scheduling barrier */
 320:Drivers/CMSIS/Include/cmsis_gcc.h ****   __ASM volatile ("");
 321:Drivers/CMSIS/Include/cmsis_gcc.h ****   __ASM volatile ("VMRS %0, fpscr" : "=r" (result) );
 322:Drivers/CMSIS/Include/cmsis_gcc.h ****   __ASM volatile ("");
 323:Drivers/CMSIS/Include/cmsis_gcc.h ****   return(result);
 324:Drivers/CMSIS/Include/cmsis_gcc.h **** #else
 325:Drivers/CMSIS/Include/cmsis_gcc.h ****    return(0);
 326:Drivers/CMSIS/Include/cmsis_gcc.h **** #endif
 327:Drivers/CMSIS/Include/cmsis_gcc.h **** }
 328:Drivers/CMSIS/Include/cmsis_gcc.h **** 
 329:Drivers/CMSIS/Include/cmsis_gcc.h **** 
 330:Drivers/CMSIS/Include/cmsis_gcc.h **** /**
 331:Drivers/CMSIS/Include/cmsis_gcc.h ****   \brief   Set FPSCR
 332:Drivers/CMSIS/Include/cmsis_gcc.h ****   \details Assigns the given value to the Floating Point Status/Control register.
 333:Drivers/CMSIS/Include/cmsis_gcc.h ****   \param [in]    fpscr  Floating Point Status/Control value to set
 334:Drivers/CMSIS/Include/cmsis_gcc.h ****  */
 335:Drivers/CMSIS/Include/cmsis_gcc.h **** __attribute__( ( always_inline ) ) __STATIC_INLINE void __set_FPSCR(uint32_t fpscr)
 336:Drivers/CMSIS/Include/cmsis_gcc.h **** {
 337:Drivers/CMSIS/Include/cmsis_gcc.h **** #if (__FPU_PRESENT == 1U) && (__FPU_USED == 1U)
 338:Drivers/CMSIS/Include/cmsis_gcc.h ****   /* Empty asm statement works as a scheduling barrier */
 339:Drivers/CMSIS/Include/cmsis_gcc.h ****   __ASM volatile ("");
 340:Drivers/CMSIS/Include/cmsis_gcc.h ****   __ASM volatile ("VMSR fpscr, %0" : : "r" (fpscr) : "vfpcc");
 341:Drivers/CMSIS/Include/cmsis_gcc.h ****   __ASM volatile ("");
 342:Drivers/CMSIS/Include/cmsis_gcc.h **** #endif
 343:Drivers/CMSIS/Include/cmsis_gcc.h **** }
 344:Drivers/CMSIS/Include/cmsis_gcc.h **** 
 345:Drivers/CMSIS/Include/cmsis_gcc.h **** #endif /* (__CORTEX_M == 0x04U) || (__CORTEX_M == 0x07U) */
ARM GAS  /tmp/ccFoVnNB.s 			page 10


 346:Drivers/CMSIS/Include/cmsis_gcc.h **** 
 347:Drivers/CMSIS/Include/cmsis_gcc.h **** 
 348:Drivers/CMSIS/Include/cmsis_gcc.h **** 
 349:Drivers/CMSIS/Include/cmsis_gcc.h **** /*@} end of CMSIS_Core_RegAccFunctions */
 350:Drivers/CMSIS/Include/cmsis_gcc.h **** 
 351:Drivers/CMSIS/Include/cmsis_gcc.h **** 
 352:Drivers/CMSIS/Include/cmsis_gcc.h **** /* ##########################  Core Instruction Access  ######################### */
 353:Drivers/CMSIS/Include/cmsis_gcc.h **** /** \defgroup CMSIS_Core_InstructionInterface CMSIS Core Instruction Interface
 354:Drivers/CMSIS/Include/cmsis_gcc.h ****   Access to dedicated instructions
 355:Drivers/CMSIS/Include/cmsis_gcc.h ****   @{
 356:Drivers/CMSIS/Include/cmsis_gcc.h **** */
 357:Drivers/CMSIS/Include/cmsis_gcc.h **** 
 358:Drivers/CMSIS/Include/cmsis_gcc.h **** /* Define macros for porting to both thumb1 and thumb2.
 359:Drivers/CMSIS/Include/cmsis_gcc.h ****  * For thumb1, use low register (r0-r7), specified by constraint "l"
 360:Drivers/CMSIS/Include/cmsis_gcc.h ****  * Otherwise, use general registers, specified by constraint "r" */
 361:Drivers/CMSIS/Include/cmsis_gcc.h **** #if defined (__thumb__) && !defined (__thumb2__)
 362:Drivers/CMSIS/Include/cmsis_gcc.h **** #define __CMSIS_GCC_OUT_REG(r) "=l" (r)
 363:Drivers/CMSIS/Include/cmsis_gcc.h **** #define __CMSIS_GCC_USE_REG(r) "l" (r)
 364:Drivers/CMSIS/Include/cmsis_gcc.h **** #else
 365:Drivers/CMSIS/Include/cmsis_gcc.h **** #define __CMSIS_GCC_OUT_REG(r) "=r" (r)
 366:Drivers/CMSIS/Include/cmsis_gcc.h **** #define __CMSIS_GCC_USE_REG(r) "r" (r)
 367:Drivers/CMSIS/Include/cmsis_gcc.h **** #endif
 368:Drivers/CMSIS/Include/cmsis_gcc.h **** 
 369:Drivers/CMSIS/Include/cmsis_gcc.h **** /**
 370:Drivers/CMSIS/Include/cmsis_gcc.h ****   \brief   No Operation
 371:Drivers/CMSIS/Include/cmsis_gcc.h ****   \details No Operation does nothing. This instruction can be used for code alignment purposes.
 372:Drivers/CMSIS/Include/cmsis_gcc.h ****  */
 373:Drivers/CMSIS/Include/cmsis_gcc.h **** __attribute__((always_inline)) __STATIC_INLINE void __NOP(void)
 374:Drivers/CMSIS/Include/cmsis_gcc.h **** {
 375:Drivers/CMSIS/Include/cmsis_gcc.h ****   __ASM volatile ("nop");
 376:Drivers/CMSIS/Include/cmsis_gcc.h **** }
 377:Drivers/CMSIS/Include/cmsis_gcc.h **** 
 378:Drivers/CMSIS/Include/cmsis_gcc.h **** 
 379:Drivers/CMSIS/Include/cmsis_gcc.h **** /**
 380:Drivers/CMSIS/Include/cmsis_gcc.h ****   \brief   Wait For Interrupt
 381:Drivers/CMSIS/Include/cmsis_gcc.h ****   \details Wait For Interrupt is a hint instruction that suspends execution until one of a number o
 382:Drivers/CMSIS/Include/cmsis_gcc.h ****  */
 383:Drivers/CMSIS/Include/cmsis_gcc.h **** __attribute__((always_inline)) __STATIC_INLINE void __WFI(void)
 384:Drivers/CMSIS/Include/cmsis_gcc.h **** {
 385:Drivers/CMSIS/Include/cmsis_gcc.h ****   __ASM volatile ("wfi");
 386:Drivers/CMSIS/Include/cmsis_gcc.h **** }
 387:Drivers/CMSIS/Include/cmsis_gcc.h **** 
 388:Drivers/CMSIS/Include/cmsis_gcc.h **** 
 389:Drivers/CMSIS/Include/cmsis_gcc.h **** /**
 390:Drivers/CMSIS/Include/cmsis_gcc.h ****   \brief   Wait For Event
 391:Drivers/CMSIS/Include/cmsis_gcc.h ****   \details Wait For Event is a hint instruction that permits the processor to enter
 392:Drivers/CMSIS/Include/cmsis_gcc.h ****     a low-power state until one of a number of events occurs.
 393:Drivers/CMSIS/Include/cmsis_gcc.h ****  */
 394:Drivers/CMSIS/Include/cmsis_gcc.h **** __attribute__((always_inline)) __STATIC_INLINE void __WFE(void)
 395:Drivers/CMSIS/Include/cmsis_gcc.h **** {
 396:Drivers/CMSIS/Include/cmsis_gcc.h ****   __ASM volatile ("wfe");
 397:Drivers/CMSIS/Include/cmsis_gcc.h **** }
 398:Drivers/CMSIS/Include/cmsis_gcc.h **** 
 399:Drivers/CMSIS/Include/cmsis_gcc.h **** 
 400:Drivers/CMSIS/Include/cmsis_gcc.h **** /**
 401:Drivers/CMSIS/Include/cmsis_gcc.h ****   \brief   Send Event
 402:Drivers/CMSIS/Include/cmsis_gcc.h ****   \details Send Event is a hint instruction. It causes an event to be signaled to the CPU.
ARM GAS  /tmp/ccFoVnNB.s 			page 11


 403:Drivers/CMSIS/Include/cmsis_gcc.h ****  */
 404:Drivers/CMSIS/Include/cmsis_gcc.h **** __attribute__((always_inline)) __STATIC_INLINE void __SEV(void)
 405:Drivers/CMSIS/Include/cmsis_gcc.h **** {
 406:Drivers/CMSIS/Include/cmsis_gcc.h ****   __ASM volatile ("sev");
 407:Drivers/CMSIS/Include/cmsis_gcc.h **** }
 408:Drivers/CMSIS/Include/cmsis_gcc.h **** 
 409:Drivers/CMSIS/Include/cmsis_gcc.h **** 
 410:Drivers/CMSIS/Include/cmsis_gcc.h **** /**
 411:Drivers/CMSIS/Include/cmsis_gcc.h ****   \brief   Instruction Synchronization Barrier
 412:Drivers/CMSIS/Include/cmsis_gcc.h ****   \details Instruction Synchronization Barrier flushes the pipeline in the processor,
 413:Drivers/CMSIS/Include/cmsis_gcc.h ****            so that all instructions following the ISB are fetched from cache or memory,
 414:Drivers/CMSIS/Include/cmsis_gcc.h ****            after the instruction has been completed.
 415:Drivers/CMSIS/Include/cmsis_gcc.h ****  */
 416:Drivers/CMSIS/Include/cmsis_gcc.h **** __attribute__((always_inline)) __STATIC_INLINE void __ISB(void)
 417:Drivers/CMSIS/Include/cmsis_gcc.h **** {
 418:Drivers/CMSIS/Include/cmsis_gcc.h ****   __ASM volatile ("isb 0xF":::"memory");
 419:Drivers/CMSIS/Include/cmsis_gcc.h **** }
 420:Drivers/CMSIS/Include/cmsis_gcc.h **** 
 421:Drivers/CMSIS/Include/cmsis_gcc.h **** 
 422:Drivers/CMSIS/Include/cmsis_gcc.h **** /**
 423:Drivers/CMSIS/Include/cmsis_gcc.h ****   \brief   Data Synchronization Barrier
 424:Drivers/CMSIS/Include/cmsis_gcc.h ****   \details Acts as a special kind of Data Memory Barrier.
 425:Drivers/CMSIS/Include/cmsis_gcc.h ****            It completes when all explicit memory accesses before this instruction complete.
 426:Drivers/CMSIS/Include/cmsis_gcc.h ****  */
 427:Drivers/CMSIS/Include/cmsis_gcc.h **** __attribute__((always_inline)) __STATIC_INLINE void __DSB(void)
 428:Drivers/CMSIS/Include/cmsis_gcc.h **** {
 429:Drivers/CMSIS/Include/cmsis_gcc.h ****   __ASM volatile ("dsb 0xF":::"memory");
 430:Drivers/CMSIS/Include/cmsis_gcc.h **** }
 431:Drivers/CMSIS/Include/cmsis_gcc.h **** 
 432:Drivers/CMSIS/Include/cmsis_gcc.h **** 
 433:Drivers/CMSIS/Include/cmsis_gcc.h **** /**
 434:Drivers/CMSIS/Include/cmsis_gcc.h ****   \brief   Data Memory Barrier
 435:Drivers/CMSIS/Include/cmsis_gcc.h ****   \details Ensures the apparent order of the explicit memory operations before
 436:Drivers/CMSIS/Include/cmsis_gcc.h ****            and after the instruction, without ensuring their completion.
 437:Drivers/CMSIS/Include/cmsis_gcc.h ****  */
 438:Drivers/CMSIS/Include/cmsis_gcc.h **** __attribute__((always_inline)) __STATIC_INLINE void __DMB(void)
 439:Drivers/CMSIS/Include/cmsis_gcc.h **** {
 440:Drivers/CMSIS/Include/cmsis_gcc.h ****   __ASM volatile ("dmb 0xF":::"memory");
 441:Drivers/CMSIS/Include/cmsis_gcc.h **** }
 442:Drivers/CMSIS/Include/cmsis_gcc.h **** 
 443:Drivers/CMSIS/Include/cmsis_gcc.h **** 
 444:Drivers/CMSIS/Include/cmsis_gcc.h **** /**
 445:Drivers/CMSIS/Include/cmsis_gcc.h ****   \brief   Reverse byte order (32 bit)
 446:Drivers/CMSIS/Include/cmsis_gcc.h ****   \details Reverses the byte order in integer value.
 447:Drivers/CMSIS/Include/cmsis_gcc.h ****   \param [in]    value  Value to reverse
 448:Drivers/CMSIS/Include/cmsis_gcc.h ****   \return               Reversed value
 449:Drivers/CMSIS/Include/cmsis_gcc.h ****  */
 450:Drivers/CMSIS/Include/cmsis_gcc.h **** __attribute__((always_inline)) __STATIC_INLINE uint32_t __REV(uint32_t value)
 451:Drivers/CMSIS/Include/cmsis_gcc.h **** {
 452:Drivers/CMSIS/Include/cmsis_gcc.h **** #if (__GNUC__ > 4) || (__GNUC__ == 4 && __GNUC_MINOR__ >= 5)
 453:Drivers/CMSIS/Include/cmsis_gcc.h ****   return __builtin_bswap32(value);
 454:Drivers/CMSIS/Include/cmsis_gcc.h **** #else
 455:Drivers/CMSIS/Include/cmsis_gcc.h ****   uint32_t result;
 456:Drivers/CMSIS/Include/cmsis_gcc.h **** 
 457:Drivers/CMSIS/Include/cmsis_gcc.h ****   __ASM volatile ("rev %0, %1" : __CMSIS_GCC_OUT_REG (result) : __CMSIS_GCC_USE_REG (value) );
 458:Drivers/CMSIS/Include/cmsis_gcc.h ****   return(result);
 459:Drivers/CMSIS/Include/cmsis_gcc.h **** #endif
ARM GAS  /tmp/ccFoVnNB.s 			page 12


 460:Drivers/CMSIS/Include/cmsis_gcc.h **** }
 461:Drivers/CMSIS/Include/cmsis_gcc.h **** 
 462:Drivers/CMSIS/Include/cmsis_gcc.h **** 
 463:Drivers/CMSIS/Include/cmsis_gcc.h **** /**
 464:Drivers/CMSIS/Include/cmsis_gcc.h ****   \brief   Reverse byte order (16 bit)
 465:Drivers/CMSIS/Include/cmsis_gcc.h ****   \details Reverses the byte order in two unsigned short values.
 466:Drivers/CMSIS/Include/cmsis_gcc.h ****   \param [in]    value  Value to reverse
 467:Drivers/CMSIS/Include/cmsis_gcc.h ****   \return               Reversed value
 468:Drivers/CMSIS/Include/cmsis_gcc.h ****  */
 469:Drivers/CMSIS/Include/cmsis_gcc.h **** __attribute__((always_inline)) __STATIC_INLINE uint32_t __REV16(uint32_t value)
 470:Drivers/CMSIS/Include/cmsis_gcc.h **** {
 471:Drivers/CMSIS/Include/cmsis_gcc.h ****   uint32_t result;
 472:Drivers/CMSIS/Include/cmsis_gcc.h **** 
 473:Drivers/CMSIS/Include/cmsis_gcc.h ****   __ASM volatile ("rev16 %0, %1" : __CMSIS_GCC_OUT_REG (result) : __CMSIS_GCC_USE_REG (value) );
 474:Drivers/CMSIS/Include/cmsis_gcc.h ****   return(result);
 475:Drivers/CMSIS/Include/cmsis_gcc.h **** }
 476:Drivers/CMSIS/Include/cmsis_gcc.h **** 
 477:Drivers/CMSIS/Include/cmsis_gcc.h **** 
 478:Drivers/CMSIS/Include/cmsis_gcc.h **** /**
 479:Drivers/CMSIS/Include/cmsis_gcc.h ****   \brief   Reverse byte order in signed short value
 480:Drivers/CMSIS/Include/cmsis_gcc.h ****   \details Reverses the byte order in a signed short value with sign extension to integer.
 481:Drivers/CMSIS/Include/cmsis_gcc.h ****   \param [in]    value  Value to reverse
 482:Drivers/CMSIS/Include/cmsis_gcc.h ****   \return               Reversed value
 483:Drivers/CMSIS/Include/cmsis_gcc.h ****  */
 484:Drivers/CMSIS/Include/cmsis_gcc.h **** __attribute__((always_inline)) __STATIC_INLINE int32_t __REVSH(int32_t value)
 485:Drivers/CMSIS/Include/cmsis_gcc.h **** {
 486:Drivers/CMSIS/Include/cmsis_gcc.h **** #if (__GNUC__ > 4) || (__GNUC__ == 4 && __GNUC_MINOR__ >= 8)
 487:Drivers/CMSIS/Include/cmsis_gcc.h ****   return (short)__builtin_bswap16(value);
 488:Drivers/CMSIS/Include/cmsis_gcc.h **** #else
 489:Drivers/CMSIS/Include/cmsis_gcc.h ****   int32_t result;
 490:Drivers/CMSIS/Include/cmsis_gcc.h **** 
 491:Drivers/CMSIS/Include/cmsis_gcc.h ****   __ASM volatile ("revsh %0, %1" : __CMSIS_GCC_OUT_REG (result) : __CMSIS_GCC_USE_REG (value) );
 492:Drivers/CMSIS/Include/cmsis_gcc.h ****   return(result);
 493:Drivers/CMSIS/Include/cmsis_gcc.h **** #endif
 494:Drivers/CMSIS/Include/cmsis_gcc.h **** }
 495:Drivers/CMSIS/Include/cmsis_gcc.h **** 
 496:Drivers/CMSIS/Include/cmsis_gcc.h **** 
 497:Drivers/CMSIS/Include/cmsis_gcc.h **** /**
 498:Drivers/CMSIS/Include/cmsis_gcc.h ****   \brief   Rotate Right in unsigned value (32 bit)
 499:Drivers/CMSIS/Include/cmsis_gcc.h ****   \details Rotate Right (immediate) provides the value of the contents of a register rotated by a v
 500:Drivers/CMSIS/Include/cmsis_gcc.h ****   \param [in]    value  Value to rotate
 501:Drivers/CMSIS/Include/cmsis_gcc.h ****   \param [in]    value  Number of Bits to rotate
 502:Drivers/CMSIS/Include/cmsis_gcc.h ****   \return               Rotated value
 503:Drivers/CMSIS/Include/cmsis_gcc.h ****  */
 504:Drivers/CMSIS/Include/cmsis_gcc.h **** __attribute__((always_inline)) __STATIC_INLINE uint32_t __ROR(uint32_t op1, uint32_t op2)
 505:Drivers/CMSIS/Include/cmsis_gcc.h **** {
 506:Drivers/CMSIS/Include/cmsis_gcc.h ****   return (op1 >> op2) | (op1 << (32U - op2));
 507:Drivers/CMSIS/Include/cmsis_gcc.h **** }
 508:Drivers/CMSIS/Include/cmsis_gcc.h **** 
 509:Drivers/CMSIS/Include/cmsis_gcc.h **** 
 510:Drivers/CMSIS/Include/cmsis_gcc.h **** /**
 511:Drivers/CMSIS/Include/cmsis_gcc.h ****   \brief   Breakpoint
 512:Drivers/CMSIS/Include/cmsis_gcc.h ****   \details Causes the processor to enter Debug state.
 513:Drivers/CMSIS/Include/cmsis_gcc.h ****            Debug tools can use this to investigate system state when the instruction at a particula
 514:Drivers/CMSIS/Include/cmsis_gcc.h ****   \param [in]    value  is ignored by the processor.
 515:Drivers/CMSIS/Include/cmsis_gcc.h ****                  If required, a debugger can use it to store additional information about the break
 516:Drivers/CMSIS/Include/cmsis_gcc.h ****  */
ARM GAS  /tmp/ccFoVnNB.s 			page 13


 517:Drivers/CMSIS/Include/cmsis_gcc.h **** #define __BKPT(value)                       __ASM volatile ("bkpt "#value)
 518:Drivers/CMSIS/Include/cmsis_gcc.h **** 
 519:Drivers/CMSIS/Include/cmsis_gcc.h **** 
 520:Drivers/CMSIS/Include/cmsis_gcc.h **** /**
 521:Drivers/CMSIS/Include/cmsis_gcc.h ****   \brief   Reverse bit order of value
 522:Drivers/CMSIS/Include/cmsis_gcc.h ****   \details Reverses the bit order of the given value.
 523:Drivers/CMSIS/Include/cmsis_gcc.h ****   \param [in]    value  Value to reverse
 524:Drivers/CMSIS/Include/cmsis_gcc.h ****   \return               Reversed value
 525:Drivers/CMSIS/Include/cmsis_gcc.h ****  */
 526:Drivers/CMSIS/Include/cmsis_gcc.h **** __attribute__((always_inline)) __STATIC_INLINE uint32_t __RBIT(uint32_t value)
 527:Drivers/CMSIS/Include/cmsis_gcc.h **** {
 528:Drivers/CMSIS/Include/cmsis_gcc.h ****   uint32_t result;
 529:Drivers/CMSIS/Include/cmsis_gcc.h **** 
 530:Drivers/CMSIS/Include/cmsis_gcc.h **** #if       (__CORTEX_M >= 0x03U) || (__CORTEX_SC >= 300U)
 531:Drivers/CMSIS/Include/cmsis_gcc.h ****    __ASM volatile ("rbit %0, %1" : "=r" (result) : "r" (value) );
 100              		.loc 2 531 0
 101 0008 4FF40042 		mov	r2, #32768
 102              	@ 531 "Drivers/CMSIS/Include/cmsis_gcc.h" 1
 103 000c 92FAA2F2 		rbit r2, r2
 104              	@ 0 "" 2
 105              	.LVL4:
 106              		.thumb
 107              	.LBE7:
 108              	.LBE6:
  73:Src/rtc.c     ****   {
  74:Src/rtc.c     ****   /* USER CODE BEGIN RTC_MspInit 0 */
  75:Src/rtc.c     **** 
  76:Src/rtc.c     ****   /* USER CODE END RTC_MspInit 0 */
  77:Src/rtc.c     ****     /* RTC clock enable */
  78:Src/rtc.c     ****     __HAL_RCC_RTC_ENABLE();
 109              		.loc 1 78 0
 110 0010 B2FA82F2 		clz	r2, r2
 111              	.LVL5:
 112 0014 034B     		ldr	r3, .L8+4
 113 0016 1344     		add	r3, r3, r2
 114 0018 9B00     		lsls	r3, r3, #2
 115 001a 0122     		movs	r2, #1
 116 001c 1A60     		str	r2, [r3]
 117              	.LVL6:
 118              	.L6:
 119 001e 7047     		bx	lr
 120              	.L9:
 121              		.align	2
 122              	.L8:
 123 0020 00280040 		.word	1073752064
 124 0024 00819010 		.word	277905664
 125              		.cfi_endproc
 126              	.LFE124:
 128              		.section	.text.HAL_RTC_MspDeInit,"ax",%progbits
 129              		.align	2
 130              		.global	HAL_RTC_MspDeInit
 131              		.thumb
 132              		.thumb_func
 134              	HAL_RTC_MspDeInit:
 135              	.LFB125:
  79:Src/rtc.c     ****   /* USER CODE BEGIN RTC_MspInit 1 */
  80:Src/rtc.c     **** 
ARM GAS  /tmp/ccFoVnNB.s 			page 14


  81:Src/rtc.c     ****   /* USER CODE END RTC_MspInit 1 */
  82:Src/rtc.c     ****   }
  83:Src/rtc.c     **** }
  84:Src/rtc.c     **** 
  85:Src/rtc.c     **** void HAL_RTC_MspDeInit(RTC_HandleTypeDef* rtcHandle)
  86:Src/rtc.c     **** {
 136              		.loc 1 86 0
 137              		.cfi_startproc
 138              		@ args = 0, pretend = 0, frame = 0
 139              		@ frame_needed = 0, uses_anonymous_args = 0
 140              		@ link register save eliminated.
 141              	.LVL7:
  87:Src/rtc.c     **** 
  88:Src/rtc.c     ****   if(rtcHandle->Instance==RTC)
 142              		.loc 1 88 0
 143 0000 0268     		ldr	r2, [r0]
 144 0002 074B     		ldr	r3, .L12
 145 0004 9A42     		cmp	r2, r3
 146 0006 0AD1     		bne	.L10
 147              	.LVL8:
 148              	.LBB8:
 149              	.LBB9:
 150              		.loc 2 531 0
 151 0008 4FF40042 		mov	r2, #32768
 152              	@ 531 "Drivers/CMSIS/Include/cmsis_gcc.h" 1
 153 000c 92FAA2F2 		rbit r2, r2
 154              	@ 0 "" 2
 155              	.LVL9:
 156              		.thumb
 157              	.LBE9:
 158              	.LBE8:
  89:Src/rtc.c     ****   {
  90:Src/rtc.c     ****   /* USER CODE BEGIN RTC_MspDeInit 0 */
  91:Src/rtc.c     **** 
  92:Src/rtc.c     ****   /* USER CODE END RTC_MspDeInit 0 */
  93:Src/rtc.c     ****     /* Peripheral clock disable */
  94:Src/rtc.c     ****     __HAL_RCC_RTC_DISABLE();
 159              		.loc 1 94 0
 160 0010 B2FA82F2 		clz	r2, r2
 161              	.LVL10:
 162 0014 034B     		ldr	r3, .L12+4
 163 0016 1344     		add	r3, r3, r2
 164 0018 9B00     		lsls	r3, r3, #2
 165 001a 0022     		movs	r2, #0
 166 001c 1A60     		str	r2, [r3]
 167              	.LVL11:
 168              	.L10:
 169 001e 7047     		bx	lr
 170              	.L13:
 171              		.align	2
 172              	.L12:
 173 0020 00280040 		.word	1073752064
 174 0024 00819010 		.word	277905664
 175              		.cfi_endproc
 176              	.LFE125:
 178              		.comm	hrtc,32,4
 179              		.section	.rodata.str1.4,"aMS",%progbits,1
ARM GAS  /tmp/ccFoVnNB.s 			page 15


 180              		.align	2
 181              	.LC0:
 182 0000 5372632F 		.ascii	"Src/rtc.c\000"
 182      7274632E 
 182      6300
 183              		.text
 184              	.Letext0:
 185              		.file 3 "/usr/include/newlib/machine/_default_types.h"
 186              		.file 4 "/usr/include/newlib/sys/_stdint.h"
 187              		.file 5 "Drivers/CMSIS/Device/ST/STM32F3xx/Include/stm32f303xe.h"
 188              		.file 6 "Drivers/CMSIS/Device/ST/STM32F3xx/Include/stm32f3xx.h"
 189              		.file 7 "Drivers/STM32F3xx_HAL_Driver/Inc/stm32f3xx_hal_def.h"
 190              		.file 8 "Drivers/STM32F3xx_HAL_Driver/Inc/stm32f3xx_hal_rtc.h"
 191              		.file 9 "Drivers/CMSIS/Include/core_cm4.h"
 192              		.file 10 "Inc/rtc.h"
ARM GAS  /tmp/ccFoVnNB.s 			page 16


DEFINED SYMBOLS
                            *ABS*:0000000000000000 rtc.c
     /tmp/ccFoVnNB.s:21     .text.MX_RTC_Init:0000000000000000 $t
     /tmp/ccFoVnNB.s:26     .text.MX_RTC_Init:0000000000000000 MX_RTC_Init
     /tmp/ccFoVnNB.s:71     .text.MX_RTC_Init:000000000000002c $d
                            *COM*:0000000000000020 hrtc
     /tmp/ccFoVnNB.s:78     .text.HAL_RTC_MspInit:0000000000000000 $t
     /tmp/ccFoVnNB.s:83     .text.HAL_RTC_MspInit:0000000000000000 HAL_RTC_MspInit
     /tmp/ccFoVnNB.s:123    .text.HAL_RTC_MspInit:0000000000000020 $d
     /tmp/ccFoVnNB.s:129    .text.HAL_RTC_MspDeInit:0000000000000000 $t
     /tmp/ccFoVnNB.s:134    .text.HAL_RTC_MspDeInit:0000000000000000 HAL_RTC_MspDeInit
     /tmp/ccFoVnNB.s:173    .text.HAL_RTC_MspDeInit:0000000000000020 $d
     /tmp/ccFoVnNB.s:180    .rodata.str1.4:0000000000000000 $d
                     .debug_frame:0000000000000010 $d

UNDEFINED SYMBOLS
HAL_RTC_Init
_Error_Handler
