ARM GAS  /tmp/cco9Mq7C.s 			page 1


   1              		.syntax unified
   2              		.cpu cortex-m4
   3              		.eabi_attribute 27, 1
   4              		.eabi_attribute 28, 1
   5              		.fpu fpv4-sp-d16
   6              		.eabi_attribute 20, 1
   7              		.eabi_attribute 21, 1
   8              		.eabi_attribute 23, 3
   9              		.eabi_attribute 24, 1
  10              		.eabi_attribute 25, 1
  11              		.eabi_attribute 26, 1
  12              		.eabi_attribute 30, 1
  13              		.eabi_attribute 34, 1
  14              		.eabi_attribute 18, 4
  15              		.thumb
  16              		.file	"stm32f3xx_hal_uart_ex.c"
  17              		.text
  18              	.Ltext0:
  19              		.cfi_sections	.debug_frame
  20              		.section	.text.HAL_RS485Ex_Init,"ax",%progbits
  21              		.align	2
  22              		.global	HAL_RS485Ex_Init
  23              		.thumb
  24              		.thumb_func
  26              	HAL_RS485Ex_Init:
  27              	.LFB123:
  28              		.file 1 "Drivers/STM32F3xx_HAL_Driver/Src/stm32f3xx_hal_uart_ex.c"
   1:Drivers/STM32F3xx_HAL_Driver/Src/stm32f3xx_hal_uart_ex.c **** /**
   2:Drivers/STM32F3xx_HAL_Driver/Src/stm32f3xx_hal_uart_ex.c ****   ******************************************************************************
   3:Drivers/STM32F3xx_HAL_Driver/Src/stm32f3xx_hal_uart_ex.c ****   * @file    stm32f3xx_hal_uart_ex.c
   4:Drivers/STM32F3xx_HAL_Driver/Src/stm32f3xx_hal_uart_ex.c ****   * @author  MCD Application Team
   5:Drivers/STM32F3xx_HAL_Driver/Src/stm32f3xx_hal_uart_ex.c ****   * @brief   Extended UART HAL module driver.
   6:Drivers/STM32F3xx_HAL_Driver/Src/stm32f3xx_hal_uart_ex.c ****   *          This file provides firmware functions to manage the following extended
   7:Drivers/STM32F3xx_HAL_Driver/Src/stm32f3xx_hal_uart_ex.c ****   *          functionalities of the Universal Asynchronous Receiver Transmitter Peripheral (UART).
   8:Drivers/STM32F3xx_HAL_Driver/Src/stm32f3xx_hal_uart_ex.c ****   *           + Initialization and de-initialization functions
   9:Drivers/STM32F3xx_HAL_Driver/Src/stm32f3xx_hal_uart_ex.c ****   *           + Peripheral Control functions
  10:Drivers/STM32F3xx_HAL_Driver/Src/stm32f3xx_hal_uart_ex.c ****   *
  11:Drivers/STM32F3xx_HAL_Driver/Src/stm32f3xx_hal_uart_ex.c ****   *
  12:Drivers/STM32F3xx_HAL_Driver/Src/stm32f3xx_hal_uart_ex.c ****   @verbatim
  13:Drivers/STM32F3xx_HAL_Driver/Src/stm32f3xx_hal_uart_ex.c ****   ==============================================================================
  14:Drivers/STM32F3xx_HAL_Driver/Src/stm32f3xx_hal_uart_ex.c ****                ##### UART peripheral extended features  #####
  15:Drivers/STM32F3xx_HAL_Driver/Src/stm32f3xx_hal_uart_ex.c ****   ==============================================================================
  16:Drivers/STM32F3xx_HAL_Driver/Src/stm32f3xx_hal_uart_ex.c **** 
  17:Drivers/STM32F3xx_HAL_Driver/Src/stm32f3xx_hal_uart_ex.c ****     (#) Declare a UART_HandleTypeDef handle structure.
  18:Drivers/STM32F3xx_HAL_Driver/Src/stm32f3xx_hal_uart_ex.c **** 
  19:Drivers/STM32F3xx_HAL_Driver/Src/stm32f3xx_hal_uart_ex.c ****     (#) For the UART RS485 Driver Enable mode, initialize the UART registers
  20:Drivers/STM32F3xx_HAL_Driver/Src/stm32f3xx_hal_uart_ex.c ****         by calling the HAL_RS485Ex_Init() API.
  21:Drivers/STM32F3xx_HAL_Driver/Src/stm32f3xx_hal_uart_ex.c **** 
  22:Drivers/STM32F3xx_HAL_Driver/Src/stm32f3xx_hal_uart_ex.c **** 
  23:Drivers/STM32F3xx_HAL_Driver/Src/stm32f3xx_hal_uart_ex.c ****   @endverbatim
  24:Drivers/STM32F3xx_HAL_Driver/Src/stm32f3xx_hal_uart_ex.c ****   ******************************************************************************
  25:Drivers/STM32F3xx_HAL_Driver/Src/stm32f3xx_hal_uart_ex.c ****   * @attention
  26:Drivers/STM32F3xx_HAL_Driver/Src/stm32f3xx_hal_uart_ex.c ****   *
  27:Drivers/STM32F3xx_HAL_Driver/Src/stm32f3xx_hal_uart_ex.c ****   * <h2><center>&copy; COPYRIGHT(c) 2016 STMicroelectronics</center></h2>
  28:Drivers/STM32F3xx_HAL_Driver/Src/stm32f3xx_hal_uart_ex.c ****   *
  29:Drivers/STM32F3xx_HAL_Driver/Src/stm32f3xx_hal_uart_ex.c ****   * Redistribution and use in source and binary forms, with or without modification,
  30:Drivers/STM32F3xx_HAL_Driver/Src/stm32f3xx_hal_uart_ex.c ****   * are permitted provided that the following conditions are met:
ARM GAS  /tmp/cco9Mq7C.s 			page 2


  31:Drivers/STM32F3xx_HAL_Driver/Src/stm32f3xx_hal_uart_ex.c ****   *   1. Redistributions of source code must retain the above copyright notice,
  32:Drivers/STM32F3xx_HAL_Driver/Src/stm32f3xx_hal_uart_ex.c ****   *      this list of conditions and the following disclaimer.
  33:Drivers/STM32F3xx_HAL_Driver/Src/stm32f3xx_hal_uart_ex.c ****   *   2. Redistributions in binary form must reproduce the above copyright notice,
  34:Drivers/STM32F3xx_HAL_Driver/Src/stm32f3xx_hal_uart_ex.c ****   *      this list of conditions and the following disclaimer in the documentation
  35:Drivers/STM32F3xx_HAL_Driver/Src/stm32f3xx_hal_uart_ex.c ****   *      and/or other materials provided with the distribution.
  36:Drivers/STM32F3xx_HAL_Driver/Src/stm32f3xx_hal_uart_ex.c ****   *   3. Neither the name of STMicroelectronics nor the names of its contributors
  37:Drivers/STM32F3xx_HAL_Driver/Src/stm32f3xx_hal_uart_ex.c ****   *      may be used to endorse or promote products derived from this software
  38:Drivers/STM32F3xx_HAL_Driver/Src/stm32f3xx_hal_uart_ex.c ****   *      without specific prior written permission.
  39:Drivers/STM32F3xx_HAL_Driver/Src/stm32f3xx_hal_uart_ex.c ****   *
  40:Drivers/STM32F3xx_HAL_Driver/Src/stm32f3xx_hal_uart_ex.c ****   * THIS SOFTWARE IS PROVIDED BY THE COPYRIGHT HOLDERS AND CONTRIBUTORS "AS IS"
  41:Drivers/STM32F3xx_HAL_Driver/Src/stm32f3xx_hal_uart_ex.c ****   * AND ANY EXPRESS OR IMPLIED WARRANTIES, INCLUDING, BUT NOT LIMITED TO, THE
  42:Drivers/STM32F3xx_HAL_Driver/Src/stm32f3xx_hal_uart_ex.c ****   * IMPLIED WARRANTIES OF MERCHANTABILITY AND FITNESS FOR A PARTICULAR PURPOSE ARE
  43:Drivers/STM32F3xx_HAL_Driver/Src/stm32f3xx_hal_uart_ex.c ****   * DISCLAIMED. IN NO EVENT SHALL THE COPYRIGHT HOLDER OR CONTRIBUTORS BE LIABLE
  44:Drivers/STM32F3xx_HAL_Driver/Src/stm32f3xx_hal_uart_ex.c ****   * FOR ANY DIRECT, INDIRECT, INCIDENTAL, SPECIAL, EXEMPLARY, OR CONSEQUENTIAL
  45:Drivers/STM32F3xx_HAL_Driver/Src/stm32f3xx_hal_uart_ex.c ****   * DAMAGES (INCLUDING, BUT NOT LIMITED TO, PROCUREMENT OF SUBSTITUTE GOODS OR
  46:Drivers/STM32F3xx_HAL_Driver/Src/stm32f3xx_hal_uart_ex.c ****   * SERVICES; LOSS OF USE, DATA, OR PROFITS; OR BUSINESS INTERRUPTION) HOWEVER
  47:Drivers/STM32F3xx_HAL_Driver/Src/stm32f3xx_hal_uart_ex.c ****   * CAUSED AND ON ANY THEORY OF LIABILITY, WHETHER IN CONTRACT, STRICT LIABILITY,
  48:Drivers/STM32F3xx_HAL_Driver/Src/stm32f3xx_hal_uart_ex.c ****   * OR TORT (INCLUDING NEGLIGENCE OR OTHERWISE) ARISING IN ANY WAY OUT OF THE USE
  49:Drivers/STM32F3xx_HAL_Driver/Src/stm32f3xx_hal_uart_ex.c ****   * OF THIS SOFTWARE, EVEN IF ADVISED OF THE POSSIBILITY OF SUCH DAMAGE.
  50:Drivers/STM32F3xx_HAL_Driver/Src/stm32f3xx_hal_uart_ex.c ****   *
  51:Drivers/STM32F3xx_HAL_Driver/Src/stm32f3xx_hal_uart_ex.c ****   ******************************************************************************
  52:Drivers/STM32F3xx_HAL_Driver/Src/stm32f3xx_hal_uart_ex.c ****   */
  53:Drivers/STM32F3xx_HAL_Driver/Src/stm32f3xx_hal_uart_ex.c **** 
  54:Drivers/STM32F3xx_HAL_Driver/Src/stm32f3xx_hal_uart_ex.c **** /* Includes ------------------------------------------------------------------*/
  55:Drivers/STM32F3xx_HAL_Driver/Src/stm32f3xx_hal_uart_ex.c **** #include "stm32f3xx_hal.h"
  56:Drivers/STM32F3xx_HAL_Driver/Src/stm32f3xx_hal_uart_ex.c **** 
  57:Drivers/STM32F3xx_HAL_Driver/Src/stm32f3xx_hal_uart_ex.c **** /** @addtogroup STM32F3xx_HAL_Driver
  58:Drivers/STM32F3xx_HAL_Driver/Src/stm32f3xx_hal_uart_ex.c ****   * @{
  59:Drivers/STM32F3xx_HAL_Driver/Src/stm32f3xx_hal_uart_ex.c ****   */
  60:Drivers/STM32F3xx_HAL_Driver/Src/stm32f3xx_hal_uart_ex.c **** 
  61:Drivers/STM32F3xx_HAL_Driver/Src/stm32f3xx_hal_uart_ex.c **** /** @defgroup UARTEx UARTEx
  62:Drivers/STM32F3xx_HAL_Driver/Src/stm32f3xx_hal_uart_ex.c ****   * @brief UART Extension HAL module driver
  63:Drivers/STM32F3xx_HAL_Driver/Src/stm32f3xx_hal_uart_ex.c ****   * @{
  64:Drivers/STM32F3xx_HAL_Driver/Src/stm32f3xx_hal_uart_ex.c ****   */
  65:Drivers/STM32F3xx_HAL_Driver/Src/stm32f3xx_hal_uart_ex.c **** 
  66:Drivers/STM32F3xx_HAL_Driver/Src/stm32f3xx_hal_uart_ex.c **** #ifdef HAL_UART_MODULE_ENABLED
  67:Drivers/STM32F3xx_HAL_Driver/Src/stm32f3xx_hal_uart_ex.c **** 
  68:Drivers/STM32F3xx_HAL_Driver/Src/stm32f3xx_hal_uart_ex.c **** /* Private typedef -----------------------------------------------------------*/
  69:Drivers/STM32F3xx_HAL_Driver/Src/stm32f3xx_hal_uart_ex.c **** /* Private define ------------------------------------------------------------*/
  70:Drivers/STM32F3xx_HAL_Driver/Src/stm32f3xx_hal_uart_ex.c **** /* Private macros ------------------------------------------------------------*/
  71:Drivers/STM32F3xx_HAL_Driver/Src/stm32f3xx_hal_uart_ex.c **** /* Private variables ---------------------------------------------------------*/
  72:Drivers/STM32F3xx_HAL_Driver/Src/stm32f3xx_hal_uart_ex.c **** /* Private function prototypes -----------------------------------------------*/
  73:Drivers/STM32F3xx_HAL_Driver/Src/stm32f3xx_hal_uart_ex.c **** /* Exported functions --------------------------------------------------------*/
  74:Drivers/STM32F3xx_HAL_Driver/Src/stm32f3xx_hal_uart_ex.c **** 
  75:Drivers/STM32F3xx_HAL_Driver/Src/stm32f3xx_hal_uart_ex.c **** /** @defgroup UARTEx_Exported_Functions UARTEx Exported Functions
  76:Drivers/STM32F3xx_HAL_Driver/Src/stm32f3xx_hal_uart_ex.c ****   * @{
  77:Drivers/STM32F3xx_HAL_Driver/Src/stm32f3xx_hal_uart_ex.c ****   */
  78:Drivers/STM32F3xx_HAL_Driver/Src/stm32f3xx_hal_uart_ex.c **** 
  79:Drivers/STM32F3xx_HAL_Driver/Src/stm32f3xx_hal_uart_ex.c **** /** @defgroup UARTEx_Exported_Functions_Group1 Extended Initialization and de-initialization functi
  80:Drivers/STM32F3xx_HAL_Driver/Src/stm32f3xx_hal_uart_ex.c ****   * @brief    Extended Initialization and Configuration Functions
  81:Drivers/STM32F3xx_HAL_Driver/Src/stm32f3xx_hal_uart_ex.c ****   *
  82:Drivers/STM32F3xx_HAL_Driver/Src/stm32f3xx_hal_uart_ex.c **** @verbatim
  83:Drivers/STM32F3xx_HAL_Driver/Src/stm32f3xx_hal_uart_ex.c **** ===============================================================================
  84:Drivers/STM32F3xx_HAL_Driver/Src/stm32f3xx_hal_uart_ex.c ****             ##### Initialization and Configuration functions #####
  85:Drivers/STM32F3xx_HAL_Driver/Src/stm32f3xx_hal_uart_ex.c ****  ==============================================================================
  86:Drivers/STM32F3xx_HAL_Driver/Src/stm32f3xx_hal_uart_ex.c ****     [..]
  87:Drivers/STM32F3xx_HAL_Driver/Src/stm32f3xx_hal_uart_ex.c ****     This subsection provides a set of functions allowing to initialize the USARTx or the UARTy
ARM GAS  /tmp/cco9Mq7C.s 			page 3


  88:Drivers/STM32F3xx_HAL_Driver/Src/stm32f3xx_hal_uart_ex.c ****     in asynchronous mode.
  89:Drivers/STM32F3xx_HAL_Driver/Src/stm32f3xx_hal_uart_ex.c ****       (+) For the asynchronous mode the parameters below can be configured:
  90:Drivers/STM32F3xx_HAL_Driver/Src/stm32f3xx_hal_uart_ex.c ****         (++) Baud Rate
  91:Drivers/STM32F3xx_HAL_Driver/Src/stm32f3xx_hal_uart_ex.c ****         (++) Word Length (Fixed to 8-bits only for LIN mode)
  92:Drivers/STM32F3xx_HAL_Driver/Src/stm32f3xx_hal_uart_ex.c ****         (++) Stop Bit
  93:Drivers/STM32F3xx_HAL_Driver/Src/stm32f3xx_hal_uart_ex.c ****         (++) Parity
  94:Drivers/STM32F3xx_HAL_Driver/Src/stm32f3xx_hal_uart_ex.c ****         (++) Hardware flow control
  95:Drivers/STM32F3xx_HAL_Driver/Src/stm32f3xx_hal_uart_ex.c ****         (++) Receiver/transmitter modes
  96:Drivers/STM32F3xx_HAL_Driver/Src/stm32f3xx_hal_uart_ex.c ****         (++) Over Sampling Method
  97:Drivers/STM32F3xx_HAL_Driver/Src/stm32f3xx_hal_uart_ex.c ****         (++) One-Bit Sampling Method
  98:Drivers/STM32F3xx_HAL_Driver/Src/stm32f3xx_hal_uart_ex.c ****       (+) For the asynchronous mode, the following advanced features can be configured as well:
  99:Drivers/STM32F3xx_HAL_Driver/Src/stm32f3xx_hal_uart_ex.c ****         (++) TX and/or RX pin level inversion
 100:Drivers/STM32F3xx_HAL_Driver/Src/stm32f3xx_hal_uart_ex.c ****         (++) data logical level inversion
 101:Drivers/STM32F3xx_HAL_Driver/Src/stm32f3xx_hal_uart_ex.c ****         (++) RX and TX pins swap
 102:Drivers/STM32F3xx_HAL_Driver/Src/stm32f3xx_hal_uart_ex.c ****         (++) RX overrun detection disabling
 103:Drivers/STM32F3xx_HAL_Driver/Src/stm32f3xx_hal_uart_ex.c ****         (++) DMA disabling on RX error
 104:Drivers/STM32F3xx_HAL_Driver/Src/stm32f3xx_hal_uart_ex.c ****         (++) MSB first on communication line
 105:Drivers/STM32F3xx_HAL_Driver/Src/stm32f3xx_hal_uart_ex.c ****         (++) auto Baud rate detection
 106:Drivers/STM32F3xx_HAL_Driver/Src/stm32f3xx_hal_uart_ex.c ****     [..]
 107:Drivers/STM32F3xx_HAL_Driver/Src/stm32f3xx_hal_uart_ex.c ****     The HAL_RS485Ex_Init() API follows respectively the UART RS485 mode
 108:Drivers/STM32F3xx_HAL_Driver/Src/stm32f3xx_hal_uart_ex.c ****     configuration procedures (details for the procedures are available in reference manual).
 109:Drivers/STM32F3xx_HAL_Driver/Src/stm32f3xx_hal_uart_ex.c **** 
 110:Drivers/STM32F3xx_HAL_Driver/Src/stm32f3xx_hal_uart_ex.c **** @endverbatim
 111:Drivers/STM32F3xx_HAL_Driver/Src/stm32f3xx_hal_uart_ex.c ****   * @{
 112:Drivers/STM32F3xx_HAL_Driver/Src/stm32f3xx_hal_uart_ex.c ****   */
 113:Drivers/STM32F3xx_HAL_Driver/Src/stm32f3xx_hal_uart_ex.c **** 
 114:Drivers/STM32F3xx_HAL_Driver/Src/stm32f3xx_hal_uart_ex.c **** /*
 115:Drivers/STM32F3xx_HAL_Driver/Src/stm32f3xx_hal_uart_ex.c ****   Additional Table:  If the parity is enabled, then the MSB bit of the data written
 116:Drivers/STM32F3xx_HAL_Driver/Src/stm32f3xx_hal_uart_ex.c ****                      in the data register is transmitted but is changed by the parity bit.
 117:Drivers/STM32F3xx_HAL_Driver/Src/stm32f3xx_hal_uart_ex.c ****                      According to device capability (support or not of 7-bit word length),
 118:Drivers/STM32F3xx_HAL_Driver/Src/stm32f3xx_hal_uart_ex.c ****                      frame length is either defined by the M bit (8-bits or 9-bits)
 119:Drivers/STM32F3xx_HAL_Driver/Src/stm32f3xx_hal_uart_ex.c ****                      or by the M1 and M0 bits (7-bit, 8-bit or 9-bit).
 120:Drivers/STM32F3xx_HAL_Driver/Src/stm32f3xx_hal_uart_ex.c ****                      Possible UART frame formats are as listed in the following table:
 121:Drivers/STM32F3xx_HAL_Driver/Src/stm32f3xx_hal_uart_ex.c ****             
 122:Drivers/STM32F3xx_HAL_Driver/Src/stm32f3xx_hal_uart_ex.c ****       Table 1. UART frame format.             
 123:Drivers/STM32F3xx_HAL_Driver/Src/stm32f3xx_hal_uart_ex.c ****       +-----------------------------------------------------------------------+
 124:Drivers/STM32F3xx_HAL_Driver/Src/stm32f3xx_hal_uart_ex.c ****       |       M bit       |  PCE bit  |             UART frame                |
 125:Drivers/STM32F3xx_HAL_Driver/Src/stm32f3xx_hal_uart_ex.c ****       |-------------------|-----------|---------------------------------------|
 126:Drivers/STM32F3xx_HAL_Driver/Src/stm32f3xx_hal_uart_ex.c ****       |         0         |     0     |    | SB |    8-bit data   | STB |     |
 127:Drivers/STM32F3xx_HAL_Driver/Src/stm32f3xx_hal_uart_ex.c ****       |-------------------|-----------|---------------------------------------|
 128:Drivers/STM32F3xx_HAL_Driver/Src/stm32f3xx_hal_uart_ex.c ****       |         0         |     1     |    | SB | 7-bit data | PB | STB |     |
 129:Drivers/STM32F3xx_HAL_Driver/Src/stm32f3xx_hal_uart_ex.c ****       |-------------------|-----------|---------------------------------------|
 130:Drivers/STM32F3xx_HAL_Driver/Src/stm32f3xx_hal_uart_ex.c ****       |         1         |     0     |    | SB |    9-bit data   | STB |     |
 131:Drivers/STM32F3xx_HAL_Driver/Src/stm32f3xx_hal_uart_ex.c ****       |-------------------|-----------|---------------------------------------|
 132:Drivers/STM32F3xx_HAL_Driver/Src/stm32f3xx_hal_uart_ex.c ****       |         1         |     1     |    | SB | 8-bit data | PB | STB |     |
 133:Drivers/STM32F3xx_HAL_Driver/Src/stm32f3xx_hal_uart_ex.c ****       +-----------------------------------------------------------------------+
 134:Drivers/STM32F3xx_HAL_Driver/Src/stm32f3xx_hal_uart_ex.c ****       |  M1 bit |  M0 bit |  PCE bit  |             UART frame                |
 135:Drivers/STM32F3xx_HAL_Driver/Src/stm32f3xx_hal_uart_ex.c ****       |---------|---------|-----------|---------------------------------------|
 136:Drivers/STM32F3xx_HAL_Driver/Src/stm32f3xx_hal_uart_ex.c ****       |    0    |    0    |     0     |    | SB |    8 bit data   | STB |     |
 137:Drivers/STM32F3xx_HAL_Driver/Src/stm32f3xx_hal_uart_ex.c ****       |---------|---------|-----------|---------------------------------------|
 138:Drivers/STM32F3xx_HAL_Driver/Src/stm32f3xx_hal_uart_ex.c ****       |    0    |    0    |     1     |    | SB | 7 bit data | PB | STB |     |
 139:Drivers/STM32F3xx_HAL_Driver/Src/stm32f3xx_hal_uart_ex.c ****       |---------|---------|-----------|---------------------------------------|
 140:Drivers/STM32F3xx_HAL_Driver/Src/stm32f3xx_hal_uart_ex.c ****       |    0    |    1    |     0     |    | SB |    9 bit data   | STB |     |
 141:Drivers/STM32F3xx_HAL_Driver/Src/stm32f3xx_hal_uart_ex.c ****       |---------|---------|-----------|---------------------------------------|
 142:Drivers/STM32F3xx_HAL_Driver/Src/stm32f3xx_hal_uart_ex.c ****       |    0    |    1    |     1     |    | SB | 8 bit data | PB | STB |     |
 143:Drivers/STM32F3xx_HAL_Driver/Src/stm32f3xx_hal_uart_ex.c ****       |---------|---------|-----------|---------------------------------------|
 144:Drivers/STM32F3xx_HAL_Driver/Src/stm32f3xx_hal_uart_ex.c ****       |    1    |    0    |     0     |    | SB |    7 bit data   | STB |     |
ARM GAS  /tmp/cco9Mq7C.s 			page 4


 145:Drivers/STM32F3xx_HAL_Driver/Src/stm32f3xx_hal_uart_ex.c ****       |---------|---------|-----------|---------------------------------------|
 146:Drivers/STM32F3xx_HAL_Driver/Src/stm32f3xx_hal_uart_ex.c ****       |    1    |    0    |     1     |    | SB | 6 bit data | PB | STB |     |
 147:Drivers/STM32F3xx_HAL_Driver/Src/stm32f3xx_hal_uart_ex.c ****       +-----------------------------------------------------------------------+
 148:Drivers/STM32F3xx_HAL_Driver/Src/stm32f3xx_hal_uart_ex.c **** 
 149:Drivers/STM32F3xx_HAL_Driver/Src/stm32f3xx_hal_uart_ex.c **** */
 150:Drivers/STM32F3xx_HAL_Driver/Src/stm32f3xx_hal_uart_ex.c **** 
 151:Drivers/STM32F3xx_HAL_Driver/Src/stm32f3xx_hal_uart_ex.c **** /**
 152:Drivers/STM32F3xx_HAL_Driver/Src/stm32f3xx_hal_uart_ex.c ****   * @brief Initialize the RS485 Driver enable feature according to the specified
 153:Drivers/STM32F3xx_HAL_Driver/Src/stm32f3xx_hal_uart_ex.c ****   *         parameters in the UART_InitTypeDef and creates the associated handle.
 154:Drivers/STM32F3xx_HAL_Driver/Src/stm32f3xx_hal_uart_ex.c ****   * @param huart UART handle.
 155:Drivers/STM32F3xx_HAL_Driver/Src/stm32f3xx_hal_uart_ex.c ****   * @param Polarity select the driver enable polarity.
 156:Drivers/STM32F3xx_HAL_Driver/Src/stm32f3xx_hal_uart_ex.c ****   *        This parameter can be one of the following values:
 157:Drivers/STM32F3xx_HAL_Driver/Src/stm32f3xx_hal_uart_ex.c ****   *          @arg @ref UART_DE_POLARITY_HIGH DE signal is active high
 158:Drivers/STM32F3xx_HAL_Driver/Src/stm32f3xx_hal_uart_ex.c ****   *          @arg @ref UART_DE_POLARITY_LOW  DE signal is active low
 159:Drivers/STM32F3xx_HAL_Driver/Src/stm32f3xx_hal_uart_ex.c ****   * @param AssertionTime Driver Enable assertion time:
 160:Drivers/STM32F3xx_HAL_Driver/Src/stm32f3xx_hal_uart_ex.c ****   *                         5-bit value defining the time between the activation of the DE (Driver 
 161:Drivers/STM32F3xx_HAL_Driver/Src/stm32f3xx_hal_uart_ex.c ****   *                         signal and the beginning of the start bit. It is expressed in sample ti
 162:Drivers/STM32F3xx_HAL_Driver/Src/stm32f3xx_hal_uart_ex.c ****   *                         units (1/8 or 1/16 bit time, depending on the oversampling rate)
 163:Drivers/STM32F3xx_HAL_Driver/Src/stm32f3xx_hal_uart_ex.c ****   * @param DeassertionTime Driver Enable deassertion time:
 164:Drivers/STM32F3xx_HAL_Driver/Src/stm32f3xx_hal_uart_ex.c ****   *                         5-bit value defining the time between the end of the last stop bit, in 
 165:Drivers/STM32F3xx_HAL_Driver/Src/stm32f3xx_hal_uart_ex.c ****   *                         transmitted message, and the de-activation of the DE (Driver Enable) si
 166:Drivers/STM32F3xx_HAL_Driver/Src/stm32f3xx_hal_uart_ex.c ****   *                         It is expressed in sample time units (1/8 or 1/16 bit time, depending o
 167:Drivers/STM32F3xx_HAL_Driver/Src/stm32f3xx_hal_uart_ex.c ****   *                         oversampling rate).
 168:Drivers/STM32F3xx_HAL_Driver/Src/stm32f3xx_hal_uart_ex.c ****   * @retval HAL status
 169:Drivers/STM32F3xx_HAL_Driver/Src/stm32f3xx_hal_uart_ex.c ****   */
 170:Drivers/STM32F3xx_HAL_Driver/Src/stm32f3xx_hal_uart_ex.c **** HAL_StatusTypeDef HAL_RS485Ex_Init(UART_HandleTypeDef *huart, uint32_t Polarity, uint32_t Assertion
 171:Drivers/STM32F3xx_HAL_Driver/Src/stm32f3xx_hal_uart_ex.c **** {
  29              		.loc 1 171 0
  30              		.cfi_startproc
  31              		@ args = 0, pretend = 0, frame = 0
  32              		@ frame_needed = 0, uses_anonymous_args = 0
  33              	.LVL0:
 172:Drivers/STM32F3xx_HAL_Driver/Src/stm32f3xx_hal_uart_ex.c ****   uint32_t temp = 0x0U;
 173:Drivers/STM32F3xx_HAL_Driver/Src/stm32f3xx_hal_uart_ex.c **** 
 174:Drivers/STM32F3xx_HAL_Driver/Src/stm32f3xx_hal_uart_ex.c ****   /* Check the UART handle allocation */
 175:Drivers/STM32F3xx_HAL_Driver/Src/stm32f3xx_hal_uart_ex.c ****   if(huart == NULL)
  34              		.loc 1 175 0
  35 0000 0028     		cmp	r0, #0
  36 0002 3FD0     		beq	.L5
 171:Drivers/STM32F3xx_HAL_Driver/Src/stm32f3xx_hal_uart_ex.c ****   uint32_t temp = 0x0U;
  37              		.loc 1 171 0
  38 0004 F8B5     		push	{r3, r4, r5, r6, r7, lr}
  39              	.LCFI0:
  40              		.cfi_def_cfa_offset 24
  41              		.cfi_offset 3, -24
  42              		.cfi_offset 4, -20
  43              		.cfi_offset 5, -16
  44              		.cfi_offset 6, -12
  45              		.cfi_offset 7, -8
  46              		.cfi_offset 14, -4
  47 0006 0446     		mov	r4, r0
  48 0008 1D46     		mov	r5, r3
  49 000a 1746     		mov	r7, r2
  50 000c 0E46     		mov	r6, r1
 176:Drivers/STM32F3xx_HAL_Driver/Src/stm32f3xx_hal_uart_ex.c ****   {
 177:Drivers/STM32F3xx_HAL_Driver/Src/stm32f3xx_hal_uart_ex.c ****     return HAL_ERROR;
 178:Drivers/STM32F3xx_HAL_Driver/Src/stm32f3xx_hal_uart_ex.c ****   }
ARM GAS  /tmp/cco9Mq7C.s 			page 5


 179:Drivers/STM32F3xx_HAL_Driver/Src/stm32f3xx_hal_uart_ex.c ****   /* Check the Driver Enable UART instance */
 180:Drivers/STM32F3xx_HAL_Driver/Src/stm32f3xx_hal_uart_ex.c ****   assert_param(IS_UART_DRIVER_ENABLE_INSTANCE(huart->Instance));
 181:Drivers/STM32F3xx_HAL_Driver/Src/stm32f3xx_hal_uart_ex.c **** 
 182:Drivers/STM32F3xx_HAL_Driver/Src/stm32f3xx_hal_uart_ex.c ****   /* Check the Driver Enable polarity */
 183:Drivers/STM32F3xx_HAL_Driver/Src/stm32f3xx_hal_uart_ex.c ****   assert_param(IS_UART_DE_POLARITY(Polarity));
 184:Drivers/STM32F3xx_HAL_Driver/Src/stm32f3xx_hal_uart_ex.c **** 
 185:Drivers/STM32F3xx_HAL_Driver/Src/stm32f3xx_hal_uart_ex.c ****   /* Check the Driver Enable assertion time */
 186:Drivers/STM32F3xx_HAL_Driver/Src/stm32f3xx_hal_uart_ex.c ****   assert_param(IS_UART_ASSERTIONTIME(AssertionTime));
 187:Drivers/STM32F3xx_HAL_Driver/Src/stm32f3xx_hal_uart_ex.c **** 
 188:Drivers/STM32F3xx_HAL_Driver/Src/stm32f3xx_hal_uart_ex.c ****   /* Check the Driver Enable deassertion time */
 189:Drivers/STM32F3xx_HAL_Driver/Src/stm32f3xx_hal_uart_ex.c ****   assert_param(IS_UART_DEASSERTIONTIME(DeassertionTime));
 190:Drivers/STM32F3xx_HAL_Driver/Src/stm32f3xx_hal_uart_ex.c **** 
 191:Drivers/STM32F3xx_HAL_Driver/Src/stm32f3xx_hal_uart_ex.c ****   if(huart->gState == HAL_UART_STATE_RESET)
  51              		.loc 1 191 0
  52 000e 90F86930 		ldrb	r3, [r0, #105]	@ zero_extendqisi2
  53              	.LVL1:
  54 0012 13F0FF0F 		tst	r3, #255
  55 0016 04D1     		bne	.L3
 192:Drivers/STM32F3xx_HAL_Driver/Src/stm32f3xx_hal_uart_ex.c ****   {
 193:Drivers/STM32F3xx_HAL_Driver/Src/stm32f3xx_hal_uart_ex.c ****     /* Allocate lock resource and initialize it */
 194:Drivers/STM32F3xx_HAL_Driver/Src/stm32f3xx_hal_uart_ex.c ****     huart->Lock = HAL_UNLOCKED;
  56              		.loc 1 194 0
  57 0018 0023     		movs	r3, #0
  58 001a 80F86830 		strb	r3, [r0, #104]
 195:Drivers/STM32F3xx_HAL_Driver/Src/stm32f3xx_hal_uart_ex.c **** 
 196:Drivers/STM32F3xx_HAL_Driver/Src/stm32f3xx_hal_uart_ex.c ****     /* Init the low level hardware : GPIO, CLOCK, CORTEX */
 197:Drivers/STM32F3xx_HAL_Driver/Src/stm32f3xx_hal_uart_ex.c ****     HAL_UART_MspInit(huart);
  59              		.loc 1 197 0
  60 001e FFF7FEFF 		bl	HAL_UART_MspInit
  61              	.LVL2:
  62              	.L3:
 198:Drivers/STM32F3xx_HAL_Driver/Src/stm32f3xx_hal_uart_ex.c ****   }
 199:Drivers/STM32F3xx_HAL_Driver/Src/stm32f3xx_hal_uart_ex.c **** 
 200:Drivers/STM32F3xx_HAL_Driver/Src/stm32f3xx_hal_uart_ex.c ****   huart->gState = HAL_UART_STATE_BUSY;
  63              		.loc 1 200 0
  64 0022 2423     		movs	r3, #36
  65 0024 84F86930 		strb	r3, [r4, #105]
 201:Drivers/STM32F3xx_HAL_Driver/Src/stm32f3xx_hal_uart_ex.c **** 
 202:Drivers/STM32F3xx_HAL_Driver/Src/stm32f3xx_hal_uart_ex.c ****   /* Disable the Peripheral */
 203:Drivers/STM32F3xx_HAL_Driver/Src/stm32f3xx_hal_uart_ex.c ****   __HAL_UART_DISABLE(huart);
  66              		.loc 1 203 0
  67 0028 2268     		ldr	r2, [r4]
  68 002a 1368     		ldr	r3, [r2]
  69 002c 23F00103 		bic	r3, r3, #1
  70 0030 1360     		str	r3, [r2]
 204:Drivers/STM32F3xx_HAL_Driver/Src/stm32f3xx_hal_uart_ex.c **** 
 205:Drivers/STM32F3xx_HAL_Driver/Src/stm32f3xx_hal_uart_ex.c ****   /* Set the UART Communication parameters */
 206:Drivers/STM32F3xx_HAL_Driver/Src/stm32f3xx_hal_uart_ex.c ****   if (UART_SetConfig(huart) == HAL_ERROR)
  71              		.loc 1 206 0
  72 0032 2046     		mov	r0, r4
  73 0034 FFF7FEFF 		bl	UART_SetConfig
  74              	.LVL3:
  75 0038 0128     		cmp	r0, #1
  76 003a 25D0     		beq	.L2
 207:Drivers/STM32F3xx_HAL_Driver/Src/stm32f3xx_hal_uart_ex.c ****   {
 208:Drivers/STM32F3xx_HAL_Driver/Src/stm32f3xx_hal_uart_ex.c ****     return HAL_ERROR;
 209:Drivers/STM32F3xx_HAL_Driver/Src/stm32f3xx_hal_uart_ex.c ****   }
ARM GAS  /tmp/cco9Mq7C.s 			page 6


 210:Drivers/STM32F3xx_HAL_Driver/Src/stm32f3xx_hal_uart_ex.c **** 
 211:Drivers/STM32F3xx_HAL_Driver/Src/stm32f3xx_hal_uart_ex.c ****   if(huart->AdvancedInit.AdvFeatureInit != UART_ADVFEATURE_NO_INIT)
  77              		.loc 1 211 0
  78 003c 636A     		ldr	r3, [r4, #36]
  79 003e 13B1     		cbz	r3, .L4
 212:Drivers/STM32F3xx_HAL_Driver/Src/stm32f3xx_hal_uart_ex.c ****   {
 213:Drivers/STM32F3xx_HAL_Driver/Src/stm32f3xx_hal_uart_ex.c ****     UART_AdvFeatureConfig(huart);
  80              		.loc 1 213 0
  81 0040 2046     		mov	r0, r4
  82 0042 FFF7FEFF 		bl	UART_AdvFeatureConfig
  83              	.LVL4:
  84              	.L4:
 214:Drivers/STM32F3xx_HAL_Driver/Src/stm32f3xx_hal_uart_ex.c ****   }
 215:Drivers/STM32F3xx_HAL_Driver/Src/stm32f3xx_hal_uart_ex.c **** 
 216:Drivers/STM32F3xx_HAL_Driver/Src/stm32f3xx_hal_uart_ex.c ****   /* Enable the Driver Enable mode by setting the DEM bit in the CR3 register */
 217:Drivers/STM32F3xx_HAL_Driver/Src/stm32f3xx_hal_uart_ex.c ****   SET_BIT(huart->Instance->CR3, USART_CR3_DEM);
  85              		.loc 1 217 0
  86 0046 2268     		ldr	r2, [r4]
  87 0048 9368     		ldr	r3, [r2, #8]
  88 004a 43F48043 		orr	r3, r3, #16384
  89 004e 9360     		str	r3, [r2, #8]
 218:Drivers/STM32F3xx_HAL_Driver/Src/stm32f3xx_hal_uart_ex.c **** 
 219:Drivers/STM32F3xx_HAL_Driver/Src/stm32f3xx_hal_uart_ex.c ****   /* Set the Driver Enable polarity */
 220:Drivers/STM32F3xx_HAL_Driver/Src/stm32f3xx_hal_uart_ex.c ****   MODIFY_REG(huart->Instance->CR3, USART_CR3_DEP, Polarity);
  90              		.loc 1 220 0
  91 0050 2368     		ldr	r3, [r4]
  92 0052 9968     		ldr	r1, [r3, #8]
  93 0054 21F40041 		bic	r1, r1, #32768
  94 0058 0E43     		orrs	r6, r6, r1
  95              	.LVL5:
  96 005a 9E60     		str	r6, [r3, #8]
  97              	.LVL6:
 221:Drivers/STM32F3xx_HAL_Driver/Src/stm32f3xx_hal_uart_ex.c **** 
 222:Drivers/STM32F3xx_HAL_Driver/Src/stm32f3xx_hal_uart_ex.c ****   /* Set the Driver Enable assertion and deassertion times */
 223:Drivers/STM32F3xx_HAL_Driver/Src/stm32f3xx_hal_uart_ex.c ****   temp = (AssertionTime << UART_CR1_DEAT_ADDRESS_LSB_POS);
 224:Drivers/STM32F3xx_HAL_Driver/Src/stm32f3xx_hal_uart_ex.c ****   temp |= (DeassertionTime << UART_CR1_DEDT_ADDRESS_LSB_POS);
  98              		.loc 1 224 0
  99 005c 2D04     		lsls	r5, r5, #16
 100              	.LVL7:
 101 005e 45EA4752 		orr	r2, r5, r7, lsl #21
 102              	.LVL8:
 225:Drivers/STM32F3xx_HAL_Driver/Src/stm32f3xx_hal_uart_ex.c ****   MODIFY_REG(huart->Instance->CR1, (USART_CR1_DEDT|USART_CR1_DEAT), temp);
 103              		.loc 1 225 0
 104 0062 2368     		ldr	r3, [r4]
 105 0064 1D68     		ldr	r5, [r3]
 106 0066 25F07F75 		bic	r5, r5, #66846720
 107 006a 25F44035 		bic	r5, r5, #196608
 108 006e 1543     		orrs	r5, r5, r2
 109 0070 1D60     		str	r5, [r3]
 226:Drivers/STM32F3xx_HAL_Driver/Src/stm32f3xx_hal_uart_ex.c **** 
 227:Drivers/STM32F3xx_HAL_Driver/Src/stm32f3xx_hal_uart_ex.c ****   /* Enable the Peripheral */
 228:Drivers/STM32F3xx_HAL_Driver/Src/stm32f3xx_hal_uart_ex.c ****   __HAL_UART_ENABLE(huart);
 110              		.loc 1 228 0
 111 0072 2268     		ldr	r2, [r4]
 112              	.LVL9:
 113 0074 1368     		ldr	r3, [r2]
 114 0076 43F00103 		orr	r3, r3, #1
ARM GAS  /tmp/cco9Mq7C.s 			page 7


 115 007a 1360     		str	r3, [r2]
 229:Drivers/STM32F3xx_HAL_Driver/Src/stm32f3xx_hal_uart_ex.c **** 
 230:Drivers/STM32F3xx_HAL_Driver/Src/stm32f3xx_hal_uart_ex.c ****   /* TEACK and/or REACK to check before moving huart->gState and huart->RxState to Ready */
 231:Drivers/STM32F3xx_HAL_Driver/Src/stm32f3xx_hal_uart_ex.c ****   return (UART_CheckIdleState(huart));
 116              		.loc 1 231 0
 117 007c 2046     		mov	r0, r4
 118 007e FFF7FEFF 		bl	UART_CheckIdleState
 119              	.LVL10:
 120 0082 F8BD     		pop	{r3, r4, r5, r6, r7, pc}
 121              	.LVL11:
 122              	.L5:
 123              	.LCFI1:
 124              		.cfi_def_cfa_offset 0
 125              		.cfi_restore 3
 126              		.cfi_restore 4
 127              		.cfi_restore 5
 128              		.cfi_restore 6
 129              		.cfi_restore 7
 130              		.cfi_restore 14
 177:Drivers/STM32F3xx_HAL_Driver/Src/stm32f3xx_hal_uart_ex.c ****   }
 131              		.loc 1 177 0
 132 0084 0120     		movs	r0, #1
 133              	.LVL12:
 134 0086 7047     		bx	lr
 135              	.LVL13:
 136              	.L2:
 137              	.LCFI2:
 138              		.cfi_def_cfa_offset 24
 139              		.cfi_offset 3, -24
 140              		.cfi_offset 4, -20
 141              		.cfi_offset 5, -16
 142              		.cfi_offset 6, -12
 143              		.cfi_offset 7, -8
 144              		.cfi_offset 14, -4
 232:Drivers/STM32F3xx_HAL_Driver/Src/stm32f3xx_hal_uart_ex.c **** }
 145              		.loc 1 232 0
 146 0088 F8BD     		pop	{r3, r4, r5, r6, r7, pc}
 147              		.cfi_endproc
 148              	.LFE123:
 150 008a 00BF     		.section	.text.HAL_UARTEx_WakeupCallback,"ax",%progbits
 151              		.align	2
 152              		.weak	HAL_UARTEx_WakeupCallback
 153              		.thumb
 154              		.thumb_func
 156              	HAL_UARTEx_WakeupCallback:
 157              	.LFB124:
 233:Drivers/STM32F3xx_HAL_Driver/Src/stm32f3xx_hal_uart_ex.c **** 
 234:Drivers/STM32F3xx_HAL_Driver/Src/stm32f3xx_hal_uart_ex.c **** 
 235:Drivers/STM32F3xx_HAL_Driver/Src/stm32f3xx_hal_uart_ex.c **** /**
 236:Drivers/STM32F3xx_HAL_Driver/Src/stm32f3xx_hal_uart_ex.c ****   * @}
 237:Drivers/STM32F3xx_HAL_Driver/Src/stm32f3xx_hal_uart_ex.c ****   */
 238:Drivers/STM32F3xx_HAL_Driver/Src/stm32f3xx_hal_uart_ex.c **** 
 239:Drivers/STM32F3xx_HAL_Driver/Src/stm32f3xx_hal_uart_ex.c **** /** @defgroup UARTEx_Exported_Functions_Group2 Extended IO operation function 
 240:Drivers/STM32F3xx_HAL_Driver/Src/stm32f3xx_hal_uart_ex.c ****   * @brief    Extended UART Interrupt handling function 
 241:Drivers/STM32F3xx_HAL_Driver/Src/stm32f3xx_hal_uart_ex.c ****   *
 242:Drivers/STM32F3xx_HAL_Driver/Src/stm32f3xx_hal_uart_ex.c **** @verbatim
 243:Drivers/STM32F3xx_HAL_Driver/Src/stm32f3xx_hal_uart_ex.c ****  ===============================================================================
ARM GAS  /tmp/cco9Mq7C.s 			page 8


 244:Drivers/STM32F3xx_HAL_Driver/Src/stm32f3xx_hal_uart_ex.c ****                       ##### IO operation function #####
 245:Drivers/STM32F3xx_HAL_Driver/Src/stm32f3xx_hal_uart_ex.c ****  ===============================================================================
 246:Drivers/STM32F3xx_HAL_Driver/Src/stm32f3xx_hal_uart_ex.c ****     [..]
 247:Drivers/STM32F3xx_HAL_Driver/Src/stm32f3xx_hal_uart_ex.c ****     This subsection provides functions allowing to manage the UART interrupts
 248:Drivers/STM32F3xx_HAL_Driver/Src/stm32f3xx_hal_uart_ex.c ****     and to handle Wake up interrupt call-back.
 249:Drivers/STM32F3xx_HAL_Driver/Src/stm32f3xx_hal_uart_ex.c ****         
 250:Drivers/STM32F3xx_HAL_Driver/Src/stm32f3xx_hal_uart_ex.c ****     (#) Callback provided in No_Blocking mode:
 251:Drivers/STM32F3xx_HAL_Driver/Src/stm32f3xx_hal_uart_ex.c ****         (++) HAL_UARTEx_WakeupCallback()
 252:Drivers/STM32F3xx_HAL_Driver/Src/stm32f3xx_hal_uart_ex.c **** 
 253:Drivers/STM32F3xx_HAL_Driver/Src/stm32f3xx_hal_uart_ex.c **** @endverbatim
 254:Drivers/STM32F3xx_HAL_Driver/Src/stm32f3xx_hal_uart_ex.c ****   * @{
 255:Drivers/STM32F3xx_HAL_Driver/Src/stm32f3xx_hal_uart_ex.c ****   */
 256:Drivers/STM32F3xx_HAL_Driver/Src/stm32f3xx_hal_uart_ex.c **** 
 257:Drivers/STM32F3xx_HAL_Driver/Src/stm32f3xx_hal_uart_ex.c **** 
 258:Drivers/STM32F3xx_HAL_Driver/Src/stm32f3xx_hal_uart_ex.c **** /**
 259:Drivers/STM32F3xx_HAL_Driver/Src/stm32f3xx_hal_uart_ex.c ****   * @brief  UART wakeup from Stop mode callback.
 260:Drivers/STM32F3xx_HAL_Driver/Src/stm32f3xx_hal_uart_ex.c ****   * @param  huart UART handle.
 261:Drivers/STM32F3xx_HAL_Driver/Src/stm32f3xx_hal_uart_ex.c ****   * @retval None
 262:Drivers/STM32F3xx_HAL_Driver/Src/stm32f3xx_hal_uart_ex.c ****   */
 263:Drivers/STM32F3xx_HAL_Driver/Src/stm32f3xx_hal_uart_ex.c **** __weak void HAL_UARTEx_WakeupCallback(UART_HandleTypeDef *huart)
 264:Drivers/STM32F3xx_HAL_Driver/Src/stm32f3xx_hal_uart_ex.c **** {
 158              		.loc 1 264 0
 159              		.cfi_startproc
 160              		@ args = 0, pretend = 0, frame = 0
 161              		@ frame_needed = 0, uses_anonymous_args = 0
 162              		@ link register save eliminated.
 163              	.LVL14:
 164 0000 7047     		bx	lr
 165              		.cfi_endproc
 166              	.LFE124:
 168 0002 00BF     		.section	.text.HAL_UARTEx_StopModeWakeUpSourceConfig,"ax",%progbits
 169              		.align	2
 170              		.global	HAL_UARTEx_StopModeWakeUpSourceConfig
 171              		.thumb
 172              		.thumb_func
 174              	HAL_UARTEx_StopModeWakeUpSourceConfig:
 175              	.LFB125:
 265:Drivers/STM32F3xx_HAL_Driver/Src/stm32f3xx_hal_uart_ex.c ****   /* Prevent unused argument(s) compilation warning */
 266:Drivers/STM32F3xx_HAL_Driver/Src/stm32f3xx_hal_uart_ex.c ****   UNUSED(huart);
 267:Drivers/STM32F3xx_HAL_Driver/Src/stm32f3xx_hal_uart_ex.c **** 
 268:Drivers/STM32F3xx_HAL_Driver/Src/stm32f3xx_hal_uart_ex.c ****   /* NOTE : This function should not be modified, when the callback is needed,
 269:Drivers/STM32F3xx_HAL_Driver/Src/stm32f3xx_hal_uart_ex.c ****             the HAL_UARTEx_WakeupCallback can be implemented in the user file.
 270:Drivers/STM32F3xx_HAL_Driver/Src/stm32f3xx_hal_uart_ex.c ****    */
 271:Drivers/STM32F3xx_HAL_Driver/Src/stm32f3xx_hal_uart_ex.c **** }
 272:Drivers/STM32F3xx_HAL_Driver/Src/stm32f3xx_hal_uart_ex.c **** 
 273:Drivers/STM32F3xx_HAL_Driver/Src/stm32f3xx_hal_uart_ex.c **** /**
 274:Drivers/STM32F3xx_HAL_Driver/Src/stm32f3xx_hal_uart_ex.c ****   * @}
 275:Drivers/STM32F3xx_HAL_Driver/Src/stm32f3xx_hal_uart_ex.c ****   */
 276:Drivers/STM32F3xx_HAL_Driver/Src/stm32f3xx_hal_uart_ex.c **** 
 277:Drivers/STM32F3xx_HAL_Driver/Src/stm32f3xx_hal_uart_ex.c **** 
 278:Drivers/STM32F3xx_HAL_Driver/Src/stm32f3xx_hal_uart_ex.c **** /** @defgroup UARTEx_Exported_Functions_Group3 Extended Peripheral Control functions
 279:Drivers/STM32F3xx_HAL_Driver/Src/stm32f3xx_hal_uart_ex.c ****   * @brief    Extended Peripheral Control functions
 280:Drivers/STM32F3xx_HAL_Driver/Src/stm32f3xx_hal_uart_ex.c ****   *
 281:Drivers/STM32F3xx_HAL_Driver/Src/stm32f3xx_hal_uart_ex.c **** @verbatim
 282:Drivers/STM32F3xx_HAL_Driver/Src/stm32f3xx_hal_uart_ex.c ****  ===============================================================================
 283:Drivers/STM32F3xx_HAL_Driver/Src/stm32f3xx_hal_uart_ex.c ****                       ##### Peripheral Control functions #####
 284:Drivers/STM32F3xx_HAL_Driver/Src/stm32f3xx_hal_uart_ex.c ****  ===============================================================================
ARM GAS  /tmp/cco9Mq7C.s 			page 9


 285:Drivers/STM32F3xx_HAL_Driver/Src/stm32f3xx_hal_uart_ex.c ****     [..]
 286:Drivers/STM32F3xx_HAL_Driver/Src/stm32f3xx_hal_uart_ex.c ****     This subsection provides extended functions allowing to control the UART.         
 287:Drivers/STM32F3xx_HAL_Driver/Src/stm32f3xx_hal_uart_ex.c ****      (+) HAL_UARTEx_StopModeWakeUpSourceConfig() API sets Wakeup from Stop mode interrupt flag sele
 288:Drivers/STM32F3xx_HAL_Driver/Src/stm32f3xx_hal_uart_ex.c ****      (+) HAL_UARTEx_EnableStopMode() API allows the UART to wake up the MCU from Stop mode as 
 289:Drivers/STM32F3xx_HAL_Driver/Src/stm32f3xx_hal_uart_ex.c ****          long as UART clock is HSI or LSE 
 290:Drivers/STM32F3xx_HAL_Driver/Src/stm32f3xx_hal_uart_ex.c ****      (+) HAL_UARTEx_DisableStopMode() API disables the above feature 
 291:Drivers/STM32F3xx_HAL_Driver/Src/stm32f3xx_hal_uart_ex.c ****      (+) HAL_MultiProcessorEx_AddressLength_Set() API optionally sets the UART node address
 292:Drivers/STM32F3xx_HAL_Driver/Src/stm32f3xx_hal_uart_ex.c ****          detection length to more than 4 bits for multiprocessor address mark wake up.
 293:Drivers/STM32F3xx_HAL_Driver/Src/stm32f3xx_hal_uart_ex.c **** @endverbatim
 294:Drivers/STM32F3xx_HAL_Driver/Src/stm32f3xx_hal_uart_ex.c ****   * @{
 295:Drivers/STM32F3xx_HAL_Driver/Src/stm32f3xx_hal_uart_ex.c ****   */
 296:Drivers/STM32F3xx_HAL_Driver/Src/stm32f3xx_hal_uart_ex.c **** 
 297:Drivers/STM32F3xx_HAL_Driver/Src/stm32f3xx_hal_uart_ex.c **** /**
 298:Drivers/STM32F3xx_HAL_Driver/Src/stm32f3xx_hal_uart_ex.c ****   * @brief Set Wakeup from Stop mode interrupt flag selection.
 299:Drivers/STM32F3xx_HAL_Driver/Src/stm32f3xx_hal_uart_ex.c ****   * @param huart UART handle.
 300:Drivers/STM32F3xx_HAL_Driver/Src/stm32f3xx_hal_uart_ex.c ****   * @param WakeUpSelection address match, Start Bit detection or RXNE bit status.
 301:Drivers/STM32F3xx_HAL_Driver/Src/stm32f3xx_hal_uart_ex.c ****   * This parameter can be one of the following values:
 302:Drivers/STM32F3xx_HAL_Driver/Src/stm32f3xx_hal_uart_ex.c ****   *      @arg @ref UART_WAKEUP_ON_ADDRESS
 303:Drivers/STM32F3xx_HAL_Driver/Src/stm32f3xx_hal_uart_ex.c ****   *      @arg @ref UART_WAKEUP_ON_STARTBIT
 304:Drivers/STM32F3xx_HAL_Driver/Src/stm32f3xx_hal_uart_ex.c ****   *      @arg @ref UART_WAKEUP_ON_READDATA_NONEMPTY
 305:Drivers/STM32F3xx_HAL_Driver/Src/stm32f3xx_hal_uart_ex.c ****   * @retval HAL status
 306:Drivers/STM32F3xx_HAL_Driver/Src/stm32f3xx_hal_uart_ex.c ****   */
 307:Drivers/STM32F3xx_HAL_Driver/Src/stm32f3xx_hal_uart_ex.c **** HAL_StatusTypeDef HAL_UARTEx_StopModeWakeUpSourceConfig(UART_HandleTypeDef *huart, UART_WakeUpTypeD
 308:Drivers/STM32F3xx_HAL_Driver/Src/stm32f3xx_hal_uart_ex.c **** {
 176              		.loc 1 308 0
 177              		.cfi_startproc
 178              		@ args = 0, pretend = 0, frame = 8
 179              		@ frame_needed = 0, uses_anonymous_args = 0
 180              	.LVL15:
 181              		.loc 1 308 0
 182 0000 10B5     		push	{r4, lr}
 183              	.LCFI3:
 184              		.cfi_def_cfa_offset 8
 185              		.cfi_offset 4, -8
 186              		.cfi_offset 14, -4
 187 0002 84B0     		sub	sp, sp, #16
 188              	.LCFI4:
 189              		.cfi_def_cfa_offset 24
 190 0004 04AB     		add	r3, sp, #16
 191 0006 03E90600 		stmdb	r3, {r1, r2}
 192              	.LVL16:
 309:Drivers/STM32F3xx_HAL_Driver/Src/stm32f3xx_hal_uart_ex.c ****   HAL_StatusTypeDef status = HAL_OK;
 310:Drivers/STM32F3xx_HAL_Driver/Src/stm32f3xx_hal_uart_ex.c ****   uint32_t tickstart = 0U;
 311:Drivers/STM32F3xx_HAL_Driver/Src/stm32f3xx_hal_uart_ex.c **** 
 312:Drivers/STM32F3xx_HAL_Driver/Src/stm32f3xx_hal_uart_ex.c ****   /* check the wake-up from stop mode UART instance */
 313:Drivers/STM32F3xx_HAL_Driver/Src/stm32f3xx_hal_uart_ex.c ****   assert_param(IS_UART_WAKEUP_FROMSTOP_INSTANCE(huart->Instance));
 314:Drivers/STM32F3xx_HAL_Driver/Src/stm32f3xx_hal_uart_ex.c ****   /* check the wake-up selection parameter */
 315:Drivers/STM32F3xx_HAL_Driver/Src/stm32f3xx_hal_uart_ex.c ****   assert_param(IS_UART_WAKEUP_SELECTION(WakeUpSelection.WakeUpEvent));
 316:Drivers/STM32F3xx_HAL_Driver/Src/stm32f3xx_hal_uart_ex.c **** 
 317:Drivers/STM32F3xx_HAL_Driver/Src/stm32f3xx_hal_uart_ex.c ****   /* Process Locked */
 318:Drivers/STM32F3xx_HAL_Driver/Src/stm32f3xx_hal_uart_ex.c ****   __HAL_LOCK(huart);
 193              		.loc 1 318 0
 194 000a 90F86830 		ldrb	r3, [r0, #104]	@ zero_extendqisi2
 195 000e 012B     		cmp	r3, #1
 196 0010 33D0     		beq	.L13
 197 0012 0446     		mov	r4, r0
 198              		.loc 1 318 0 is_stmt 0 discriminator 2
ARM GAS  /tmp/cco9Mq7C.s 			page 10


 199 0014 0123     		movs	r3, #1
 200 0016 80F86830 		strb	r3, [r0, #104]
 319:Drivers/STM32F3xx_HAL_Driver/Src/stm32f3xx_hal_uart_ex.c **** 
 320:Drivers/STM32F3xx_HAL_Driver/Src/stm32f3xx_hal_uart_ex.c ****   huart->gState = HAL_UART_STATE_BUSY;
 201              		.loc 1 320 0 is_stmt 1 discriminator 2
 202 001a 2423     		movs	r3, #36
 203 001c 80F86930 		strb	r3, [r0, #105]
 321:Drivers/STM32F3xx_HAL_Driver/Src/stm32f3xx_hal_uart_ex.c **** 
 322:Drivers/STM32F3xx_HAL_Driver/Src/stm32f3xx_hal_uart_ex.c ****   /* Disable the Peripheral */
 323:Drivers/STM32F3xx_HAL_Driver/Src/stm32f3xx_hal_uart_ex.c ****   __HAL_UART_DISABLE(huart);
 204              		.loc 1 323 0 discriminator 2
 205 0020 0268     		ldr	r2, [r0]
 206 0022 1368     		ldr	r3, [r2]
 207 0024 23F00103 		bic	r3, r3, #1
 208 0028 1360     		str	r3, [r2]
 324:Drivers/STM32F3xx_HAL_Driver/Src/stm32f3xx_hal_uart_ex.c **** 
 325:Drivers/STM32F3xx_HAL_Driver/Src/stm32f3xx_hal_uart_ex.c ****   /* Set the wake-up selection scheme */
 326:Drivers/STM32F3xx_HAL_Driver/Src/stm32f3xx_hal_uart_ex.c ****   MODIFY_REG(huart->Instance->CR3, USART_CR3_WUS, WakeUpSelection.WakeUpEvent);
 209              		.loc 1 326 0 discriminator 2
 210 002a 0168     		ldr	r1, [r0]
 211 002c 8B68     		ldr	r3, [r1, #8]
 212 002e 23F44013 		bic	r3, r3, #3145728
 213 0032 029A     		ldr	r2, [sp, #8]
 214 0034 1343     		orrs	r3, r3, r2
 215 0036 8B60     		str	r3, [r1, #8]
 327:Drivers/STM32F3xx_HAL_Driver/Src/stm32f3xx_hal_uart_ex.c **** 
 328:Drivers/STM32F3xx_HAL_Driver/Src/stm32f3xx_hal_uart_ex.c ****   if (WakeUpSelection.WakeUpEvent == UART_WAKEUP_ON_ADDRESS)
 216              		.loc 1 328 0 discriminator 2
 217 0038 22B9     		cbnz	r2, .L11
 329:Drivers/STM32F3xx_HAL_Driver/Src/stm32f3xx_hal_uart_ex.c ****   {
 330:Drivers/STM32F3xx_HAL_Driver/Src/stm32f3xx_hal_uart_ex.c ****     UART_Wakeup_AddressConfig(huart, WakeUpSelection);
 218              		.loc 1 330 0
 219 003a 04AB     		add	r3, sp, #16
 220 003c 13E90600 		ldmdb	r3, {r1, r2}
 221 0040 FFF7FEFF 		bl	UART_Wakeup_AddressConfig
 222              	.LVL17:
 223              	.L11:
 331:Drivers/STM32F3xx_HAL_Driver/Src/stm32f3xx_hal_uart_ex.c ****   }
 332:Drivers/STM32F3xx_HAL_Driver/Src/stm32f3xx_hal_uart_ex.c **** 
 333:Drivers/STM32F3xx_HAL_Driver/Src/stm32f3xx_hal_uart_ex.c ****   /* Enable the Peripheral */
 334:Drivers/STM32F3xx_HAL_Driver/Src/stm32f3xx_hal_uart_ex.c ****   __HAL_UART_ENABLE(huart);
 224              		.loc 1 334 0
 225 0044 2268     		ldr	r2, [r4]
 226 0046 1368     		ldr	r3, [r2]
 227 0048 43F00103 		orr	r3, r3, #1
 228 004c 1360     		str	r3, [r2]
 335:Drivers/STM32F3xx_HAL_Driver/Src/stm32f3xx_hal_uart_ex.c **** 
 336:Drivers/STM32F3xx_HAL_Driver/Src/stm32f3xx_hal_uart_ex.c ****   /* Init tickstart for timeout managment*/
 337:Drivers/STM32F3xx_HAL_Driver/Src/stm32f3xx_hal_uart_ex.c ****   tickstart = HAL_GetTick();
 229              		.loc 1 337 0
 230 004e FFF7FEFF 		bl	HAL_GetTick
 231              	.LVL18:
 232 0052 0346     		mov	r3, r0
 233              	.LVL19:
 338:Drivers/STM32F3xx_HAL_Driver/Src/stm32f3xx_hal_uart_ex.c **** 
 339:Drivers/STM32F3xx_HAL_Driver/Src/stm32f3xx_hal_uart_ex.c ****   /* Wait until REACK flag is set */
 340:Drivers/STM32F3xx_HAL_Driver/Src/stm32f3xx_hal_uart_ex.c ****   if(UART_WaitOnFlagUntilTimeout(huart, USART_ISR_REACK, RESET, tickstart, HAL_UART_TIMEOUT_VALUE) 
ARM GAS  /tmp/cco9Mq7C.s 			page 11


 234              		.loc 1 340 0
 235 0054 6FF07E42 		mvn	r2, #-33554432
 236 0058 0092     		str	r2, [sp]
 237 005a 2046     		mov	r0, r4
 238              	.LVL20:
 239 005c 4FF48001 		mov	r1, #4194304
 240 0060 0022     		movs	r2, #0
 241 0062 FFF7FEFF 		bl	UART_WaitOnFlagUntilTimeout
 242              	.LVL21:
 243 0066 18B9     		cbnz	r0, .L14
 341:Drivers/STM32F3xx_HAL_Driver/Src/stm32f3xx_hal_uart_ex.c ****   {
 342:Drivers/STM32F3xx_HAL_Driver/Src/stm32f3xx_hal_uart_ex.c ****     status = HAL_TIMEOUT;
 343:Drivers/STM32F3xx_HAL_Driver/Src/stm32f3xx_hal_uart_ex.c ****   }
 344:Drivers/STM32F3xx_HAL_Driver/Src/stm32f3xx_hal_uart_ex.c ****   else
 345:Drivers/STM32F3xx_HAL_Driver/Src/stm32f3xx_hal_uart_ex.c ****   {
 346:Drivers/STM32F3xx_HAL_Driver/Src/stm32f3xx_hal_uart_ex.c ****     /* Initialize the UART State */
 347:Drivers/STM32F3xx_HAL_Driver/Src/stm32f3xx_hal_uart_ex.c ****     huart->gState = HAL_UART_STATE_READY;
 244              		.loc 1 347 0
 245 0068 2023     		movs	r3, #32
 246 006a 84F86930 		strb	r3, [r4, #105]
 247 006e 00E0     		b	.L12
 248              	.L14:
 342:Drivers/STM32F3xx_HAL_Driver/Src/stm32f3xx_hal_uart_ex.c ****   }
 249              		.loc 1 342 0
 250 0070 0320     		movs	r0, #3
 251              	.L12:
 252              	.LVL22:
 348:Drivers/STM32F3xx_HAL_Driver/Src/stm32f3xx_hal_uart_ex.c ****   }
 349:Drivers/STM32F3xx_HAL_Driver/Src/stm32f3xx_hal_uart_ex.c **** 
 350:Drivers/STM32F3xx_HAL_Driver/Src/stm32f3xx_hal_uart_ex.c ****   /* Process Unlocked */
 351:Drivers/STM32F3xx_HAL_Driver/Src/stm32f3xx_hal_uart_ex.c ****   __HAL_UNLOCK(huart);
 253              		.loc 1 351 0
 254 0072 0023     		movs	r3, #0
 255 0074 84F86830 		strb	r3, [r4, #104]
 352:Drivers/STM32F3xx_HAL_Driver/Src/stm32f3xx_hal_uart_ex.c **** 
 353:Drivers/STM32F3xx_HAL_Driver/Src/stm32f3xx_hal_uart_ex.c ****   return status;
 256              		.loc 1 353 0
 257 0078 00E0     		b	.L10
 258              	.LVL23:
 259              	.L13:
 318:Drivers/STM32F3xx_HAL_Driver/Src/stm32f3xx_hal_uart_ex.c **** 
 260              		.loc 1 318 0
 261 007a 0220     		movs	r0, #2
 262              	.LVL24:
 263              	.L10:
 354:Drivers/STM32F3xx_HAL_Driver/Src/stm32f3xx_hal_uart_ex.c **** }
 264              		.loc 1 354 0
 265 007c 04B0     		add	sp, sp, #16
 266              	.LCFI5:
 267              		.cfi_def_cfa_offset 8
 268              		@ sp needed
 269 007e 10BD     		pop	{r4, pc}
 270              		.cfi_endproc
 271              	.LFE125:
 273              		.section	.text.HAL_UARTEx_EnableStopMode,"ax",%progbits
 274              		.align	2
 275              		.global	HAL_UARTEx_EnableStopMode
ARM GAS  /tmp/cco9Mq7C.s 			page 12


 276              		.thumb
 277              		.thumb_func
 279              	HAL_UARTEx_EnableStopMode:
 280              	.LFB126:
 355:Drivers/STM32F3xx_HAL_Driver/Src/stm32f3xx_hal_uart_ex.c **** 
 356:Drivers/STM32F3xx_HAL_Driver/Src/stm32f3xx_hal_uart_ex.c **** 
 357:Drivers/STM32F3xx_HAL_Driver/Src/stm32f3xx_hal_uart_ex.c **** /**
 358:Drivers/STM32F3xx_HAL_Driver/Src/stm32f3xx_hal_uart_ex.c ****   * @brief Enable UART Stop Mode.
 359:Drivers/STM32F3xx_HAL_Driver/Src/stm32f3xx_hal_uart_ex.c ****   * @note  The UART is able to wake up the MCU from Stop mode as long as UART clock is HSI or LSE.
 360:Drivers/STM32F3xx_HAL_Driver/Src/stm32f3xx_hal_uart_ex.c ****   * @param huart UART handle.
 361:Drivers/STM32F3xx_HAL_Driver/Src/stm32f3xx_hal_uart_ex.c ****   * @retval HAL status
 362:Drivers/STM32F3xx_HAL_Driver/Src/stm32f3xx_hal_uart_ex.c ****   */
 363:Drivers/STM32F3xx_HAL_Driver/Src/stm32f3xx_hal_uart_ex.c **** HAL_StatusTypeDef HAL_UARTEx_EnableStopMode(UART_HandleTypeDef *huart)
 364:Drivers/STM32F3xx_HAL_Driver/Src/stm32f3xx_hal_uart_ex.c **** {
 281              		.loc 1 364 0
 282              		.cfi_startproc
 283              		@ args = 0, pretend = 0, frame = 0
 284              		@ frame_needed = 0, uses_anonymous_args = 0
 285              		@ link register save eliminated.
 286              	.LVL25:
 365:Drivers/STM32F3xx_HAL_Driver/Src/stm32f3xx_hal_uart_ex.c ****   /* Check parameter */
 366:Drivers/STM32F3xx_HAL_Driver/Src/stm32f3xx_hal_uart_ex.c ****   assert_param(IS_UART_WAKEUP_FROMSTOP_INSTANCE(huart->Instance));
 367:Drivers/STM32F3xx_HAL_Driver/Src/stm32f3xx_hal_uart_ex.c **** 
 368:Drivers/STM32F3xx_HAL_Driver/Src/stm32f3xx_hal_uart_ex.c ****   /* Process Locked */
 369:Drivers/STM32F3xx_HAL_Driver/Src/stm32f3xx_hal_uart_ex.c ****   __HAL_LOCK(huart);
 287              		.loc 1 369 0
 288 0000 90F86830 		ldrb	r3, [r0, #104]	@ zero_extendqisi2
 289 0004 012B     		cmp	r3, #1
 290 0006 12D0     		beq	.L18
 291              		.loc 1 369 0 is_stmt 0 discriminator 2
 292 0008 0123     		movs	r3, #1
 293 000a 80F86830 		strb	r3, [r0, #104]
 370:Drivers/STM32F3xx_HAL_Driver/Src/stm32f3xx_hal_uart_ex.c **** 
 371:Drivers/STM32F3xx_HAL_Driver/Src/stm32f3xx_hal_uart_ex.c ****   huart->gState = HAL_UART_STATE_BUSY;
 294              		.loc 1 371 0 is_stmt 1 discriminator 2
 295 000e 2423     		movs	r3, #36
 296 0010 80F86930 		strb	r3, [r0, #105]
 372:Drivers/STM32F3xx_HAL_Driver/Src/stm32f3xx_hal_uart_ex.c **** 
 373:Drivers/STM32F3xx_HAL_Driver/Src/stm32f3xx_hal_uart_ex.c ****   /* Set UESM bit */
 374:Drivers/STM32F3xx_HAL_Driver/Src/stm32f3xx_hal_uart_ex.c ****   SET_BIT(huart->Instance->CR1, USART_CR1_UESM);
 297              		.loc 1 374 0 discriminator 2
 298 0014 0268     		ldr	r2, [r0]
 299 0016 1368     		ldr	r3, [r2]
 300 0018 43F00203 		orr	r3, r3, #2
 301 001c 1360     		str	r3, [r2]
 375:Drivers/STM32F3xx_HAL_Driver/Src/stm32f3xx_hal_uart_ex.c **** 
 376:Drivers/STM32F3xx_HAL_Driver/Src/stm32f3xx_hal_uart_ex.c ****   huart->gState = HAL_UART_STATE_READY;
 302              		.loc 1 376 0 discriminator 2
 303 001e 2023     		movs	r3, #32
 304 0020 80F86930 		strb	r3, [r0, #105]
 377:Drivers/STM32F3xx_HAL_Driver/Src/stm32f3xx_hal_uart_ex.c **** 
 378:Drivers/STM32F3xx_HAL_Driver/Src/stm32f3xx_hal_uart_ex.c ****   /* Process Unlocked */
 379:Drivers/STM32F3xx_HAL_Driver/Src/stm32f3xx_hal_uart_ex.c ****   __HAL_UNLOCK(huart);
 305              		.loc 1 379 0 discriminator 2
 306 0024 0023     		movs	r3, #0
 307 0026 80F86830 		strb	r3, [r0, #104]
 380:Drivers/STM32F3xx_HAL_Driver/Src/stm32f3xx_hal_uart_ex.c **** 
ARM GAS  /tmp/cco9Mq7C.s 			page 13


 381:Drivers/STM32F3xx_HAL_Driver/Src/stm32f3xx_hal_uart_ex.c ****   return HAL_OK;
 308              		.loc 1 381 0 discriminator 2
 309 002a 1846     		mov	r0, r3
 310              	.LVL26:
 311 002c 7047     		bx	lr
 312              	.LVL27:
 313              	.L18:
 369:Drivers/STM32F3xx_HAL_Driver/Src/stm32f3xx_hal_uart_ex.c **** 
 314              		.loc 1 369 0
 315 002e 0220     		movs	r0, #2
 316              	.LVL28:
 382:Drivers/STM32F3xx_HAL_Driver/Src/stm32f3xx_hal_uart_ex.c **** }
 317              		.loc 1 382 0
 318 0030 7047     		bx	lr
 319              		.cfi_endproc
 320              	.LFE126:
 322 0032 00BF     		.section	.text.HAL_UARTEx_DisableStopMode,"ax",%progbits
 323              		.align	2
 324              		.global	HAL_UARTEx_DisableStopMode
 325              		.thumb
 326              		.thumb_func
 328              	HAL_UARTEx_DisableStopMode:
 329              	.LFB127:
 383:Drivers/STM32F3xx_HAL_Driver/Src/stm32f3xx_hal_uart_ex.c **** 
 384:Drivers/STM32F3xx_HAL_Driver/Src/stm32f3xx_hal_uart_ex.c **** /**
 385:Drivers/STM32F3xx_HAL_Driver/Src/stm32f3xx_hal_uart_ex.c ****   * @brief Disable UART Stop Mode.
 386:Drivers/STM32F3xx_HAL_Driver/Src/stm32f3xx_hal_uart_ex.c ****   * @param huart UART handle.
 387:Drivers/STM32F3xx_HAL_Driver/Src/stm32f3xx_hal_uart_ex.c ****   * @retval HAL status
 388:Drivers/STM32F3xx_HAL_Driver/Src/stm32f3xx_hal_uart_ex.c ****   */
 389:Drivers/STM32F3xx_HAL_Driver/Src/stm32f3xx_hal_uart_ex.c **** HAL_StatusTypeDef HAL_UARTEx_DisableStopMode(UART_HandleTypeDef *huart)
 390:Drivers/STM32F3xx_HAL_Driver/Src/stm32f3xx_hal_uart_ex.c **** {
 330              		.loc 1 390 0
 331              		.cfi_startproc
 332              		@ args = 0, pretend = 0, frame = 0
 333              		@ frame_needed = 0, uses_anonymous_args = 0
 334              		@ link register save eliminated.
 335              	.LVL29:
 391:Drivers/STM32F3xx_HAL_Driver/Src/stm32f3xx_hal_uart_ex.c ****   /* Check parameter */
 392:Drivers/STM32F3xx_HAL_Driver/Src/stm32f3xx_hal_uart_ex.c ****   assert_param(IS_UART_WAKEUP_FROMSTOP_INSTANCE(huart->Instance));
 393:Drivers/STM32F3xx_HAL_Driver/Src/stm32f3xx_hal_uart_ex.c **** 
 394:Drivers/STM32F3xx_HAL_Driver/Src/stm32f3xx_hal_uart_ex.c ****   /* Process Locked */
 395:Drivers/STM32F3xx_HAL_Driver/Src/stm32f3xx_hal_uart_ex.c ****   __HAL_LOCK(huart);
 336              		.loc 1 395 0
 337 0000 90F86830 		ldrb	r3, [r0, #104]	@ zero_extendqisi2
 338 0004 012B     		cmp	r3, #1
 339 0006 12D0     		beq	.L21
 340              		.loc 1 395 0 is_stmt 0 discriminator 2
 341 0008 0123     		movs	r3, #1
 342 000a 80F86830 		strb	r3, [r0, #104]
 396:Drivers/STM32F3xx_HAL_Driver/Src/stm32f3xx_hal_uart_ex.c **** 
 397:Drivers/STM32F3xx_HAL_Driver/Src/stm32f3xx_hal_uart_ex.c ****   huart->gState = HAL_UART_STATE_BUSY;
 343              		.loc 1 397 0 is_stmt 1 discriminator 2
 344 000e 2423     		movs	r3, #36
 345 0010 80F86930 		strb	r3, [r0, #105]
 398:Drivers/STM32F3xx_HAL_Driver/Src/stm32f3xx_hal_uart_ex.c **** 
 399:Drivers/STM32F3xx_HAL_Driver/Src/stm32f3xx_hal_uart_ex.c ****   /* Clear UESM bit */
 400:Drivers/STM32F3xx_HAL_Driver/Src/stm32f3xx_hal_uart_ex.c ****   CLEAR_BIT(huart->Instance->CR1, USART_CR1_UESM);
ARM GAS  /tmp/cco9Mq7C.s 			page 14


 346              		.loc 1 400 0 discriminator 2
 347 0014 0268     		ldr	r2, [r0]
 348 0016 1368     		ldr	r3, [r2]
 349 0018 23F00203 		bic	r3, r3, #2
 350 001c 1360     		str	r3, [r2]
 401:Drivers/STM32F3xx_HAL_Driver/Src/stm32f3xx_hal_uart_ex.c **** 
 402:Drivers/STM32F3xx_HAL_Driver/Src/stm32f3xx_hal_uart_ex.c ****   huart->gState = HAL_UART_STATE_READY;
 351              		.loc 1 402 0 discriminator 2
 352 001e 2023     		movs	r3, #32
 353 0020 80F86930 		strb	r3, [r0, #105]
 403:Drivers/STM32F3xx_HAL_Driver/Src/stm32f3xx_hal_uart_ex.c **** 
 404:Drivers/STM32F3xx_HAL_Driver/Src/stm32f3xx_hal_uart_ex.c ****   /* Process Unlocked */
 405:Drivers/STM32F3xx_HAL_Driver/Src/stm32f3xx_hal_uart_ex.c ****   __HAL_UNLOCK(huart);
 354              		.loc 1 405 0 discriminator 2
 355 0024 0023     		movs	r3, #0
 356 0026 80F86830 		strb	r3, [r0, #104]
 406:Drivers/STM32F3xx_HAL_Driver/Src/stm32f3xx_hal_uart_ex.c **** 
 407:Drivers/STM32F3xx_HAL_Driver/Src/stm32f3xx_hal_uart_ex.c ****   return HAL_OK;
 357              		.loc 1 407 0 discriminator 2
 358 002a 1846     		mov	r0, r3
 359              	.LVL30:
 360 002c 7047     		bx	lr
 361              	.LVL31:
 362              	.L21:
 395:Drivers/STM32F3xx_HAL_Driver/Src/stm32f3xx_hal_uart_ex.c **** 
 363              		.loc 1 395 0
 364 002e 0220     		movs	r0, #2
 365              	.LVL32:
 408:Drivers/STM32F3xx_HAL_Driver/Src/stm32f3xx_hal_uart_ex.c **** }
 366              		.loc 1 408 0
 367 0030 7047     		bx	lr
 368              		.cfi_endproc
 369              	.LFE127:
 371 0032 00BF     		.section	.text.HAL_MultiProcessorEx_AddressLength_Set,"ax",%progbits
 372              		.align	2
 373              		.global	HAL_MultiProcessorEx_AddressLength_Set
 374              		.thumb
 375              		.thumb_func
 377              	HAL_MultiProcessorEx_AddressLength_Set:
 378              	.LFB128:
 409:Drivers/STM32F3xx_HAL_Driver/Src/stm32f3xx_hal_uart_ex.c **** 
 410:Drivers/STM32F3xx_HAL_Driver/Src/stm32f3xx_hal_uart_ex.c **** /**
 411:Drivers/STM32F3xx_HAL_Driver/Src/stm32f3xx_hal_uart_ex.c ****   * @brief By default in multiprocessor mode, when the wake up method is set
 412:Drivers/STM32F3xx_HAL_Driver/Src/stm32f3xx_hal_uart_ex.c ****   *        to address mark, the UART handles only 4-bit long addresses detection;
 413:Drivers/STM32F3xx_HAL_Driver/Src/stm32f3xx_hal_uart_ex.c ****   *        this API allows to enable longer addresses detection (6-, 7- or 8-bit
 414:Drivers/STM32F3xx_HAL_Driver/Src/stm32f3xx_hal_uart_ex.c ****   *        long).
 415:Drivers/STM32F3xx_HAL_Driver/Src/stm32f3xx_hal_uart_ex.c ****   * @note  Addresses detection lengths are: 6-bit address detection in 7-bit data mode, 
 416:Drivers/STM32F3xx_HAL_Driver/Src/stm32f3xx_hal_uart_ex.c ****   *        7-bit address detection in 8-bit data mode, 8-bit address detection in 9-bit data mode.
 417:Drivers/STM32F3xx_HAL_Driver/Src/stm32f3xx_hal_uart_ex.c ****   * @param huart UART handle.
 418:Drivers/STM32F3xx_HAL_Driver/Src/stm32f3xx_hal_uart_ex.c ****   * @param AddressLength this parameter can be one of the following values:
 419:Drivers/STM32F3xx_HAL_Driver/Src/stm32f3xx_hal_uart_ex.c ****   *          @arg @ref UART_ADDRESS_DETECT_4B 4-bit long address
 420:Drivers/STM32F3xx_HAL_Driver/Src/stm32f3xx_hal_uart_ex.c ****   *          @arg @ref UART_ADDRESS_DETECT_7B 6-, 7- or 8-bit long address
 421:Drivers/STM32F3xx_HAL_Driver/Src/stm32f3xx_hal_uart_ex.c ****   * @retval HAL status
 422:Drivers/STM32F3xx_HAL_Driver/Src/stm32f3xx_hal_uart_ex.c ****   */
 423:Drivers/STM32F3xx_HAL_Driver/Src/stm32f3xx_hal_uart_ex.c **** HAL_StatusTypeDef HAL_MultiProcessorEx_AddressLength_Set(UART_HandleTypeDef *huart, uint32_t Addres
 424:Drivers/STM32F3xx_HAL_Driver/Src/stm32f3xx_hal_uart_ex.c **** {
 379              		.loc 1 424 0
ARM GAS  /tmp/cco9Mq7C.s 			page 15


 380              		.cfi_startproc
 381              		@ args = 0, pretend = 0, frame = 0
 382              		@ frame_needed = 0, uses_anonymous_args = 0
 383              	.LVL33:
 425:Drivers/STM32F3xx_HAL_Driver/Src/stm32f3xx_hal_uart_ex.c ****   /* Check the UART handle allocation */
 426:Drivers/STM32F3xx_HAL_Driver/Src/stm32f3xx_hal_uart_ex.c ****   if(huart == NULL)
 384              		.loc 1 426 0
 385 0000 B0B1     		cbz	r0, .L24
 424:Drivers/STM32F3xx_HAL_Driver/Src/stm32f3xx_hal_uart_ex.c ****   /* Check the UART handle allocation */
 386              		.loc 1 424 0
 387 0002 08B5     		push	{r3, lr}
 388              	.LCFI6:
 389              		.cfi_def_cfa_offset 8
 390              		.cfi_offset 3, -8
 391              		.cfi_offset 14, -4
 427:Drivers/STM32F3xx_HAL_Driver/Src/stm32f3xx_hal_uart_ex.c ****   {
 428:Drivers/STM32F3xx_HAL_Driver/Src/stm32f3xx_hal_uart_ex.c ****     return HAL_ERROR;
 429:Drivers/STM32F3xx_HAL_Driver/Src/stm32f3xx_hal_uart_ex.c ****   }
 430:Drivers/STM32F3xx_HAL_Driver/Src/stm32f3xx_hal_uart_ex.c **** 
 431:Drivers/STM32F3xx_HAL_Driver/Src/stm32f3xx_hal_uart_ex.c ****   /* Check the address length parameter */
 432:Drivers/STM32F3xx_HAL_Driver/Src/stm32f3xx_hal_uart_ex.c ****   assert_param(IS_UART_ADDRESSLENGTH_DETECT(AddressLength));
 433:Drivers/STM32F3xx_HAL_Driver/Src/stm32f3xx_hal_uart_ex.c **** 
 434:Drivers/STM32F3xx_HAL_Driver/Src/stm32f3xx_hal_uart_ex.c ****   huart->gState = HAL_UART_STATE_BUSY;
 392              		.loc 1 434 0
 393 0004 2423     		movs	r3, #36
 394 0006 80F86930 		strb	r3, [r0, #105]
 435:Drivers/STM32F3xx_HAL_Driver/Src/stm32f3xx_hal_uart_ex.c **** 
 436:Drivers/STM32F3xx_HAL_Driver/Src/stm32f3xx_hal_uart_ex.c ****   /* Disable the Peripheral */
 437:Drivers/STM32F3xx_HAL_Driver/Src/stm32f3xx_hal_uart_ex.c ****   __HAL_UART_DISABLE(huart);
 395              		.loc 1 437 0
 396 000a 0268     		ldr	r2, [r0]
 397 000c 1368     		ldr	r3, [r2]
 398 000e 23F00103 		bic	r3, r3, #1
 399 0012 1360     		str	r3, [r2]
 438:Drivers/STM32F3xx_HAL_Driver/Src/stm32f3xx_hal_uart_ex.c **** 
 439:Drivers/STM32F3xx_HAL_Driver/Src/stm32f3xx_hal_uart_ex.c ****   /* Set the address length */
 440:Drivers/STM32F3xx_HAL_Driver/Src/stm32f3xx_hal_uart_ex.c ****   MODIFY_REG(huart->Instance->CR2, USART_CR2_ADDM7, AddressLength);
 400              		.loc 1 440 0
 401 0014 0268     		ldr	r2, [r0]
 402 0016 5368     		ldr	r3, [r2, #4]
 403 0018 23F01003 		bic	r3, r3, #16
 404 001c 1943     		orrs	r1, r1, r3
 405              	.LVL34:
 406 001e 5160     		str	r1, [r2, #4]
 441:Drivers/STM32F3xx_HAL_Driver/Src/stm32f3xx_hal_uart_ex.c **** 
 442:Drivers/STM32F3xx_HAL_Driver/Src/stm32f3xx_hal_uart_ex.c ****   /* Enable the Peripheral */
 443:Drivers/STM32F3xx_HAL_Driver/Src/stm32f3xx_hal_uart_ex.c ****   __HAL_UART_ENABLE(huart);
 407              		.loc 1 443 0
 408 0020 0268     		ldr	r2, [r0]
 409 0022 1368     		ldr	r3, [r2]
 410 0024 43F00103 		orr	r3, r3, #1
 411 0028 1360     		str	r3, [r2]
 444:Drivers/STM32F3xx_HAL_Driver/Src/stm32f3xx_hal_uart_ex.c **** 
 445:Drivers/STM32F3xx_HAL_Driver/Src/stm32f3xx_hal_uart_ex.c ****   /* TEACK and/or REACK to check before moving huart->gState to Ready */
 446:Drivers/STM32F3xx_HAL_Driver/Src/stm32f3xx_hal_uart_ex.c ****   return (UART_CheckIdleState(huart));
 412              		.loc 1 446 0
 413 002a FFF7FEFF 		bl	UART_CheckIdleState
ARM GAS  /tmp/cco9Mq7C.s 			page 16


 414              	.LVL35:
 415 002e 08BD     		pop	{r3, pc}
 416              	.LVL36:
 417              	.L24:
 418              	.LCFI7:
 419              		.cfi_def_cfa_offset 0
 420              		.cfi_restore 3
 421              		.cfi_restore 14
 428:Drivers/STM32F3xx_HAL_Driver/Src/stm32f3xx_hal_uart_ex.c ****   }
 422              		.loc 1 428 0
 423 0030 0120     		movs	r0, #1
 424              	.LVL37:
 425 0032 7047     		bx	lr
 426              		.cfi_endproc
 427              	.LFE128:
 429              		.text
 430              	.Letext0:
 431              		.file 2 "/usr/include/newlib/machine/_default_types.h"
 432              		.file 3 "/usr/include/newlib/sys/_stdint.h"
 433              		.file 4 "Drivers/CMSIS/Device/ST/STM32F3xx/Include/stm32f303xe.h"
 434              		.file 5 "Drivers/CMSIS/Device/ST/STM32F3xx/Include/stm32f3xx.h"
 435              		.file 6 "Drivers/STM32F3xx_HAL_Driver/Inc/stm32f3xx_hal_def.h"
 436              		.file 7 "Drivers/STM32F3xx_HAL_Driver/Inc/stm32f3xx_hal_dma.h"
 437              		.file 8 "Drivers/STM32F3xx_HAL_Driver/Inc/stm32f3xx_hal_uart.h"
 438              		.file 9 "Drivers/CMSIS/Include/core_cm4.h"
 439              		.file 10 "Drivers/STM32F3xx_HAL_Driver/Inc/stm32f3xx_hal.h"
ARM GAS  /tmp/cco9Mq7C.s 			page 17


DEFINED SYMBOLS
                            *ABS*:0000000000000000 stm32f3xx_hal_uart_ex.c
     /tmp/cco9Mq7C.s:21     .text.HAL_RS485Ex_Init:0000000000000000 $t
     /tmp/cco9Mq7C.s:26     .text.HAL_RS485Ex_Init:0000000000000000 HAL_RS485Ex_Init
     /tmp/cco9Mq7C.s:151    .text.HAL_UARTEx_WakeupCallback:0000000000000000 $t
     /tmp/cco9Mq7C.s:156    .text.HAL_UARTEx_WakeupCallback:0000000000000000 HAL_UARTEx_WakeupCallback
     /tmp/cco9Mq7C.s:169    .text.HAL_UARTEx_StopModeWakeUpSourceConfig:0000000000000000 $t
     /tmp/cco9Mq7C.s:174    .text.HAL_UARTEx_StopModeWakeUpSourceConfig:0000000000000000 HAL_UARTEx_StopModeWakeUpSourceConfig
     /tmp/cco9Mq7C.s:274    .text.HAL_UARTEx_EnableStopMode:0000000000000000 $t
     /tmp/cco9Mq7C.s:279    .text.HAL_UARTEx_EnableStopMode:0000000000000000 HAL_UARTEx_EnableStopMode
     /tmp/cco9Mq7C.s:323    .text.HAL_UARTEx_DisableStopMode:0000000000000000 $t
     /tmp/cco9Mq7C.s:328    .text.HAL_UARTEx_DisableStopMode:0000000000000000 HAL_UARTEx_DisableStopMode
     /tmp/cco9Mq7C.s:372    .text.HAL_MultiProcessorEx_AddressLength_Set:0000000000000000 $t
     /tmp/cco9Mq7C.s:377    .text.HAL_MultiProcessorEx_AddressLength_Set:0000000000000000 HAL_MultiProcessorEx_AddressLength_Set
                     .debug_frame:0000000000000010 $d

UNDEFINED SYMBOLS
HAL_UART_MspInit
UART_SetConfig
UART_AdvFeatureConfig
UART_CheckIdleState
UART_Wakeup_AddressConfig
HAL_GetTick
UART_WaitOnFlagUntilTimeout
